  Source.c
C:\Users\ie\Desktop\MAYA入れるシステム\MAYA入れるシステム\動作付き組立順序導出システムver2021\両手2部品組立順序導出システム\Source.c(134,2): warning C4996: 'strcat': This function or variable may be unsafe. Consider using strcat_s instead. To disable deprecation, use _CRT_SECURE_NO_WARNINGS. See online help for details.
C:\Users\ie\Desktop\MAYA入れるシステム\MAYA入れるシステム\動作付き組立順序導出システムver2021\両手2部品組立順序導出システム\Source.c(135,2): warning C4996: 'strcat': This function or variable may be unsafe. Consider using strcat_s instead. To disable deprecation, use _CRT_SECURE_NO_WARNINGS. See online help for details.
C:\Users\ie\Desktop\MAYA入れるシステム\MAYA入れるシステム\動作付き組立順序導出システムver2021\両手2部品組立順序導出システム\Source.c(146,8): warning C4996: 'fopen': This function or variable may be unsafe. Consider using fopen_s instead. To disable deprecation, use _CRT_SECURE_NO_WARNINGS. See online help for details.
C:\Users\ie\Desktop\MAYA入れるシステム\MAYA入れるシステム\動作付き組立順序導出システムver2021\両手2部品組立順序導出システム\Source.c(148,6): warning C4996: 'fscanf': This function or variable may be unsafe. Consider using fscanf_s instead. To disable deprecation, use _CRT_SECURE_NO_WARNINGS. See online help for details.
C:\Users\ie\Desktop\MAYA入れるシステム\MAYA入れるシステム\動作付き組立順序導出システムver2021\両手2部品組立順序導出システム\Source.c(150,6): warning C4996: 'fscanf': This function or variable may be unsafe. Consider using fscanf_s instead. To disable deprecation, use _CRT_SECURE_NO_WARNINGS. See online help for details.
C:\Users\ie\Desktop\MAYA入れるシステム\MAYA入れるシステム\動作付き組立順序導出システムver2021\両手2部品組立順序導出システム\Source.c(151,6): warning C4996: 'fscanf': This function or variable may be unsafe. Consider using fscanf_s instead. To disable deprecation, use _CRT_SECURE_NO_WARNINGS. See online help for details.
C:\Users\ie\Desktop\MAYA入れるシステム\MAYA入れるシステム\動作付き組立順序導出システムver2021\両手2部品組立順序導出システム\Source.c(152,6): warning C4996: 'fscanf': This function or variable may be unsafe. Consider using fscanf_s instead. To disable deprecation, use _CRT_SECURE_NO_WARNINGS. See online help for details.
C:\Users\ie\Desktop\MAYA入れるシステム\MAYA入れるシステム\動作付き組立順序導出システムver2021\両手2部品組立順序導出システム\Source.c(153,6): warning C4996: 'fscanf': This function or variable may be unsafe. Consider using fscanf_s instead. To disable deprecation, use _CRT_SECURE_NO_WARNINGS. See online help for details.
C:\Users\ie\Desktop\MAYA入れるシステム\MAYA入れるシステム\動作付き組立順序導出システムver2021\両手2部品組立順序導出システム\Source.c(127,6): warning C4101: 'parts1': ローカル変数は 1 度も使われていません。
C:\Users\ie\Desktop\MAYA入れるシステム\MAYA入れるシステム\動作付き組立順序導出システムver2021\両手2部品組立順序導出システム\Source.c(127,14): warning C4101: 'parts2': ローカル変数は 1 度も使われていません。
C:\Users\ie\Desktop\MAYA入れるシステム\MAYA入れるシステム\動作付き組立順序導出システムver2021\両手2部品組立順序導出システム\Source.c(129,7): warning C4101: 'MsgS': ローカル変数は 1 度も使われていません。
C:\Users\ie\Desktop\MAYA入れるシステム\MAYA入れるシステム\動作付き組立順序導出システムver2021\両手2部品組立順序導出システム\Source.c(197,4): warning C4996: 'sprintf': This function or variable may be unsafe. Consider using sprintf_s instead. To disable deprecation, use _CRT_SECURE_NO_WARNINGS. See online help for details.
C:\Users\ie\Desktop\MAYA入れるシステム\MAYA入れるシステム\動作付き組立順序導出システムver2021\両手2部品組立順序導出システム\Source.c(199,4): warning C4996: 'sprintf': This function or variable may be unsafe. Consider using sprintf_s instead. To disable deprecation, use _CRT_SECURE_NO_WARNINGS. See online help for details.
C:\Users\ie\Desktop\MAYA入れるシステム\MAYA入れるシステム\動作付き組立順序導出システムver2021\両手2部品組立順序導出システム\Source.c(203,4): warning C4996: 'sprintf': This function or variable may be unsafe. Consider using sprintf_s instead. To disable deprecation, use _CRT_SECURE_NO_WARNINGS. See online help for details.
C:\Users\ie\Desktop\MAYA入れるシステム\MAYA入れるシステム\動作付き組立順序導出システムver2021\両手2部品組立順序導出システム\Source.c(205,4): warning C4996: 'sprintf': This function or variable may be unsafe. Consider using sprintf_s instead. To disable deprecation, use _CRT_SECURE_NO_WARNINGS. See online help for details.
C:\Users\ie\Desktop\MAYA入れるシステム\MAYA入れるシステム\動作付き組立順序導出システムver2021\両手2部品組立順序導出システム\Source.c(209,4): warning C4996: 'sprintf': This function or variable may be unsafe. Consider using sprintf_s instead. To disable deprecation, use _CRT_SECURE_NO_WARNINGS. See online help for details.
C:\Users\ie\Desktop\MAYA入れるシステム\MAYA入れるシステム\動作付き組立順序導出システムver2021\両手2部品組立順序導出システム\Source.c(211,4): warning C4996: 'sprintf': This function or variable may be unsafe. Consider using sprintf_s instead. To disable deprecation, use _CRT_SECURE_NO_WARNINGS. See online help for details.
C:\Users\ie\Desktop\MAYA入れるシステム\MAYA入れるシステム\動作付き組立順序導出システムver2021\両手2部品組立順序導出システム\Source.c(215,9): warning C4996: 'fopen': This function or variable may be unsafe. Consider using fopen_s instead. To disable deprecation, use _CRT_SECURE_NO_WARNINGS. See online help for details.
C:\Users\ie\Desktop\MAYA入れるシステム\MAYA入れるシステム\動作付き組立順序導出システムver2021\両手2部品組立順序導出システム\Source.c(219,10): warning C4996: 'fopen': This function or variable may be unsafe. Consider using fopen_s instead. To disable deprecation, use _CRT_SECURE_NO_WARNINGS. See online help for details.
C:\Users\ie\Desktop\MAYA入れるシステム\MAYA入れるシステム\動作付き組立順序導出システムver2021\両手2部品組立順序導出システム\Source.c(225,4): warning C4996: 'sscanf': This function or variable may be unsafe. Consider using sscanf_s instead. To disable deprecation, use _CRT_SECURE_NO_WARNINGS. See online help for details.
C:\Users\ie\Desktop\MAYA入れるシステム\MAYA入れるシステム\動作付き組立順序導出システムver2021\両手2部品組立順序導出システム\Source.c(515,6): warning C4996: 'sscanf': This function or variable may be unsafe. Consider using sscanf_s instead. To disable deprecation, use _CRT_SECURE_NO_WARNINGS. See online help for details.
C:\Users\ie\Desktop\MAYA入れるシステム\MAYA入れるシステム\動作付き組立順序導出システムver2021\両手2部品組立順序導出システム\Source.c(526,6): warning C4996: 'sscanf': This function or variable may be unsafe. Consider using sscanf_s instead. To disable deprecation, use _CRT_SECURE_NO_WARNINGS. See online help for details.
C:\Users\ie\Desktop\MAYA入れるシステム\MAYA入れるシステム\動作付き組立順序導出システムver2021\両手2部品組立順序導出システム\Source.c(512,12): warning C4102: 'overlap': ラベルは 1 度も参照されません。
C:\Users\ie\Desktop\MAYA入れるシステム\MAYA入れるシステム\動作付き組立順序導出システムver2021\両手2部品組立順序導出システム\Source.c(179,7): warning C4101: 'fp3': ローカル変数は 1 度も使われていません。
C:\Users\ie\Desktop\MAYA入れるシステム\MAYA入れるシステム\動作付き組立順序導出システムver2021\両手2部品組立順序導出システム\Source.c(180,111): warning C4101: 'sametime': ローカル変数は 1 度も使われていません。
C:\Users\ie\Desktop\MAYA入れるシステム\MAYA入れるシステム\動作付き組立順序導出システムver2021\両手2部品組立順序導出システム\Source.c(550,2): warning C4996: 'sprintf': This function or variable may be unsafe. Consider using sprintf_s instead. To disable deprecation, use _CRT_SECURE_NO_WARNINGS. See online help for details.
C:\Users\ie\Desktop\MAYA入れるシステム\MAYA入れるシステム\動作付き組立順序導出システムver2021\両手2部品組立順序導出システム\Source.c(553,7): warning C4996: 'fopen': This function or variable may be unsafe. Consider using fopen_s instead. To disable deprecation, use _CRT_SECURE_NO_WARNINGS. See online help for details.
C:\Users\ie\Desktop\MAYA入れるシステム\MAYA入れるシステム\動作付き組立順序導出システムver2021\両手2部品組立順序導出システム\Source.c(615,4): warning C4996: 'sscanf': This function or variable may be unsafe. Consider using sscanf_s instead. To disable deprecation, use _CRT_SECURE_NO_WARNINGS. See online help for details.
C:\Users\ie\Desktop\MAYA入れるシステム\MAYA入れるシステム\動作付き組立順序導出システムver2021\両手2部品組立順序導出システム\Source.c(673,4): warning C4996: 'sscanf': This function or variable may be unsafe. Consider using sscanf_s instead. To disable deprecation, use _CRT_SECURE_NO_WARNINGS. See online help for details.
C:\Users\ie\Desktop\MAYA入れるシステム\MAYA入れるシステム\動作付き組立順序導出システムver2021\両手2部品組立順序導出システム\Source.c(686,4): warning C4996: 'sscanf': This function or variable may be unsafe. Consider using sscanf_s instead. To disable deprecation, use _CRT_SECURE_NO_WARNINGS. See online help for details.
C:\Users\ie\Desktop\MAYA入れるシステム\MAYA入れるシステム\動作付き組立順序導出システムver2021\両手2部品組立順序導出システム\Source.c(698,4): warning C4996: 'sscanf': This function or variable may be unsafe. Consider using sscanf_s instead. To disable deprecation, use _CRT_SECURE_NO_WARNINGS. See online help for details.
C:\Users\ie\Desktop\MAYA入れるシステム\MAYA入れるシステム\動作付き組立順序導出システムver2021\両手2部品組立順序導出システム\Source.c(711,4): warning C4996: 'sscanf': This function or variable may be unsafe. Consider using sscanf_s instead. To disable deprecation, use _CRT_SECURE_NO_WARNINGS. See online help for details.
C:\Users\ie\Desktop\MAYA入れるシステム\MAYA入れるシステム\動作付き組立順序導出システムver2021\両手2部品組立順序導出システム\Source.c(545,6): warning C4101: 'a': ローカル変数は 1 度も使われていません。
  両手2部品組立順序導出システム.vcxproj -> C:\Users\ie\Desktop\MAYA入れるシステム\MAYA入れるシステム\動作付き組立順序導出システムver2021\Debug\両手2部品組立順序導出システム.exe
