  Source.c
C:\Users\ie\Desktop\MAYA入れるシステム\MAYA入れるシステム\作業別シミュレーションシステムver2021v2\作業別シミュレーションシステム0121\Source.c(252,1): warning C4005: 'kumigo_kougu_to_kumimae_tegumi': マクロが再定義されました。
C:\Users\ie\Desktop\MAYA入れるシステム\MAYA入れるシステム\作業別シミュレーションシステムver2021v2\作業別シミュレーションシステム0121\Source.c(237): message : 'kumigo_kougu_to_kumimae_tegumi' の以前の定義を確認してください
C:\Users\ie\Desktop\MAYA入れるシステム\MAYA入れるシステム\作業別シミュレーションシステムver2021v2\作業別シミュレーションシステム0121\Source.c(607,9): warning C4778: 'printf' : 書式文字列 '%\n' がありません
C:\Users\ie\Desktop\MAYA入れるシステム\MAYA入れるシステム\作業別シミュレーションシステムver2021v2\作業別シミュレーションシステム0121\Source.c(607,16): warning C4474: 'printf': 書式文字列に渡された引数の数が多すぎます
C:\Users\ie\Desktop\MAYA入れるシステム\MAYA入れるシステム\作業別シミュレーションシステムver2021v2\作業別シミュレーションシステム0121\Source.c(607,16): message : プレースホルダーとそのパラメーターには 0 の可変個引数が必要ですが、1 が指定されています。
C:\Users\ie\Desktop\MAYA入れるシステム\MAYA入れるシステム\作業別シミュレーションシステムver2021v2\作業別シミュレーションシステム0121\Source.c(604,2): warning C4996: 'strcat': This function or variable may be unsafe. Consider using strcat_s instead. To disable deprecation, use _CRT_SECURE_NO_WARNINGS. See online help for details.
C:\Users\ie\Desktop\MAYA入れるシステム\MAYA入れるシステム\作業別シミュレーションシステムver2021v2\作業別シミュレーションシステム0121\Source.c(605,2): warning C4996: 'sprintf': This function or variable may be unsafe. Consider using sprintf_s instead. To disable deprecation, use _CRT_SECURE_NO_WARNINGS. See online help for details.
C:\Users\ie\Desktop\MAYA入れるシステム\MAYA入れるシステム\作業別シミュレーションシステムver2021v2\作業別シミュレーションシステム0121\Source.c(606,2): warning C4996: 'strcat': This function or variable may be unsafe. Consider using strcat_s instead. To disable deprecation, use _CRT_SECURE_NO_WARNINGS. See online help for details.
C:\Users\ie\Desktop\MAYA入れるシステム\MAYA入れるシステム\作業別シミュレーションシステムver2021v2\作業別シミュレーションシステム0121\Source.c(615,8): warning C4996: 'fopen': This function or variable may be unsafe. Consider using fopen_s instead. To disable deprecation, use _CRT_SECURE_NO_WARNINGS. See online help for details.
C:\Users\ie\Desktop\MAYA入れるシステム\MAYA入れるシステム\作業別シミュレーションシステムver2021v2\作業別シミュレーションシステム0121\Source.c(617,6): warning C4996: 'fscanf': This function or variable may be unsafe. Consider using fscanf_s instead. To disable deprecation, use _CRT_SECURE_NO_WARNINGS. See online help for details.
C:\Users\ie\Desktop\MAYA入れるシステム\MAYA入れるシステム\作業別シミュレーションシステムver2021v2\作業別シミュレーションシステム0121\Source.c(618,6): warning C4996: 'fscanf': This function or variable may be unsafe. Consider using fscanf_s instead. To disable deprecation, use _CRT_SECURE_NO_WARNINGS. See online help for details.
C:\Users\ie\Desktop\MAYA入れるシステム\MAYA入れるシステム\作業別シミュレーションシステムver2021v2\作業別シミュレーションシステム0121\Source.c(622,6): warning C4996: 'fscanf': This function or variable may be unsafe. Consider using fscanf_s instead. To disable deprecation, use _CRT_SECURE_NO_WARNINGS. See online help for details.
C:\Users\ie\Desktop\MAYA入れるシステム\MAYA入れるシステム\作業別シミュレーションシステムver2021v2\作業別シミュレーションシステム0121\Source.c(623,6): warning C4996: 'fscanf': This function or variable may be unsafe. Consider using fscanf_s instead. To disable deprecation, use _CRT_SECURE_NO_WARNINGS. See online help for details.
C:\Users\ie\Desktop\MAYA入れるシステム\MAYA入れるシステム\作業別シミュレーションシステムver2021v2\作業別シミュレーションシステム0121\Source.c(624,6): warning C4996: 'fscanf': This function or variable may be unsafe. Consider using fscanf_s instead. To disable deprecation, use _CRT_SECURE_NO_WARNINGS. See online help for details.
C:\Users\ie\Desktop\MAYA入れるシステム\MAYA入れるシステム\作業別シミュレーションシステムver2021v2\作業別シミュレーションシステム0121\Source.c(625,6): warning C4996: 'fscanf': This function or variable may be unsafe. Consider using fscanf_s instead. To disable deprecation, use _CRT_SECURE_NO_WARNINGS. See online help for details.
C:\Users\ie\Desktop\MAYA入れるシステム\MAYA入れるシステム\作業別シミュレーションシステムver2021v2\作業別シミュレーションシステム0121\Source.c(631,3): warning C4996: 'sprintf': This function or variable may be unsafe. Consider using sprintf_s instead. To disable deprecation, use _CRT_SECURE_NO_WARNINGS. See online help for details.
C:\Users\ie\Desktop\MAYA入れるシステム\MAYA入れるシステム\作業別シミュレーションシステムver2021v2\作業別シミュレーションシステム0121\Source.c(632,3): warning C4996: 'sprintf': This function or variable may be unsafe. Consider using sprintf_s instead. To disable deprecation, use _CRT_SECURE_NO_WARNINGS. See online help for details.
C:\Users\ie\Desktop\MAYA入れるシステム\MAYA入れるシステム\作業別シミュレーションシステムver2021v2\作業別シミュレーションシステム0121\Source.c(637,3): warning C4996: 'sprintf': This function or variable may be unsafe. Consider using sprintf_s instead. To disable deprecation, use _CRT_SECURE_NO_WARNINGS. See online help for details.
C:\Users\ie\Desktop\MAYA入れるシステム\MAYA入れるシステム\作業別シミュレーションシステムver2021v2\作業別シミュレーションシステム0121\Source.c(638,3): warning C4996: 'sprintf': This function or variable may be unsafe. Consider using sprintf_s instead. To disable deprecation, use _CRT_SECURE_NO_WARNINGS. See online help for details.
C:\Users\ie\Desktop\MAYA入れるシステム\MAYA入れるシステム\作業別シミュレーションシステムver2021v2\作業別シミュレーションシステム0121\Source.c(642,3): warning C4996: 'sprintf': This function or variable may be unsafe. Consider using sprintf_s instead. To disable deprecation, use _CRT_SECURE_NO_WARNINGS. See online help for details.
C:\Users\ie\Desktop\MAYA入れるシステム\MAYA入れるシステム\作業別シミュレーションシステムver2021v2\作業別シミュレーションシステム0121\Source.c(643,3): warning C4996: 'sprintf': This function or variable may be unsafe. Consider using sprintf_s instead. To disable deprecation, use _CRT_SECURE_NO_WARNINGS. See online help for details.
C:\Users\ie\Desktop\MAYA入れるシステム\MAYA入れるシステム\作業別シミュレーションシステムver2021v2\作業別シミュレーションシステム0121\Source.c(646,2): warning C4996: 'sprintf': This function or variable may be unsafe. Consider using sprintf_s instead. To disable deprecation, use _CRT_SECURE_NO_WARNINGS. See online help for details.
C:\Users\ie\Desktop\MAYA入れるシステム\MAYA入れるシステム\作業別シミュレーションシステムver2021v2\作業別シミュレーションシステム0121\Source.c(647,2): warning C4996: 'sprintf': This function or variable may be unsafe. Consider using sprintf_s instead. To disable deprecation, use _CRT_SECURE_NO_WARNINGS. See online help for details.
C:\Users\ie\Desktop\MAYA入れるシステム\MAYA入れるシステム\作業別シミュレーションシステムver2021v2\作業別シミュレーションシステム0121\Source.c(649,2): warning C4996: 'sprintf': This function or variable may be unsafe. Consider using sprintf_s instead. To disable deprecation, use _CRT_SECURE_NO_WARNINGS. See online help for details.
C:\Users\ie\Desktop\MAYA入れるシステム\MAYA入れるシステム\作業別シミュレーションシステムver2021v2\作業別シミュレーションシステム0121\Source.c(671,3): warning C4996: 'strcpy': This function or variable may be unsafe. Consider using strcpy_s instead. To disable deprecation, use _CRT_SECURE_NO_WARNINGS. See online help for details.
C:\Users\ie\Desktop\MAYA入れるシステム\MAYA入れるシステム\作業別シミュレーションシステムver2021v2\作業別シミュレーションシステム0121\Source.c(672,3): warning C4996: 'strcat': This function or variable may be unsafe. Consider using strcat_s instead. To disable deprecation, use _CRT_SECURE_NO_WARNINGS. See online help for details.
C:\Users\ie\Desktop\MAYA入れるシステム\MAYA入れるシステム\作業別シミュレーションシステムver2021v2\作業別シミュレーションシステム0121\Source.c(673,3): warning C4996: 'strcat': This function or variable may be unsafe. Consider using strcat_s instead. To disable deprecation, use _CRT_SECURE_NO_WARNINGS. See online help for details.
C:\Users\ie\Desktop\MAYA入れるシステム\MAYA入れるシステム\作業別シミュレーションシステムver2021v2\作業別シミュレーションシステム0121\Source.c(675,3): warning C4996: 'strcpy': This function or variable may be unsafe. Consider using strcpy_s instead. To disable deprecation, use _CRT_SECURE_NO_WARNINGS. See online help for details.
C:\Users\ie\Desktop\MAYA入れるシステム\MAYA入れるシステム\作業別シミュレーションシステムver2021v2\作業別シミュレーションシステム0121\Source.c(678,4): warning C4996: 'strcat': This function or variable may be unsafe. Consider using strcat_s instead. To disable deprecation, use _CRT_SECURE_NO_WARNINGS. See online help for details.
C:\Users\ie\Desktop\MAYA入れるシステム\MAYA入れるシステム\作業別シミュレーションシステムver2021v2\作業別シミュレーションシステム0121\Source.c(682,4): warning C4996: 'strcat': This function or variable may be unsafe. Consider using strcat_s instead. To disable deprecation, use _CRT_SECURE_NO_WARNINGS. See online help for details.
C:\Users\ie\Desktop\MAYA入れるシステム\MAYA入れるシステム\作業別シミュレーションシステムver2021v2\作業別シミュレーションシステム0121\Source.c(686,4): warning C4996: 'strcat': This function or variable may be unsafe. Consider using strcat_s instead. To disable deprecation, use _CRT_SECURE_NO_WARNINGS. See online help for details.
C:\Users\ie\Desktop\MAYA入れるシステム\MAYA入れるシステム\作業別シミュレーションシステムver2021v2\作業別シミュレーションシステム0121\Source.c(688,3): warning C4996: 'strcat': This function or variable may be unsafe. Consider using strcat_s instead. To disable deprecation, use _CRT_SECURE_NO_WARNINGS. See online help for details.
C:\Users\ie\Desktop\MAYA入れるシステム\MAYA入れるシステム\作業別シミュレーションシステムver2021v2\作業別シミュレーションシステム0121\Source.c(691,12): warning C4996: 'fopen': This function or variable may be unsafe. Consider using fopen_s instead. To disable deprecation, use _CRT_SECURE_NO_WARNINGS. See online help for details.
C:\Users\ie\Desktop\MAYA入れるシステム\MAYA入れるシステム\作業別シミュレーションシステムver2021v2\作業別シミュレーションシステム0121\Source.c(706,2): warning C4996: 'strcpy': This function or variable may be unsafe. Consider using strcpy_s instead. To disable deprecation, use _CRT_SECURE_NO_WARNINGS. See online help for details.
C:\Users\ie\Desktop\MAYA入れるシステム\MAYA入れるシステム\作業別シミュレーションシステムver2021v2\作業別シミュレーションシステム0121\Source.c(707,2): warning C4996: 'strcat': This function or variable may be unsafe. Consider using strcat_s instead. To disable deprecation, use _CRT_SECURE_NO_WARNINGS. See online help for details.
C:\Users\ie\Desktop\MAYA入れるシステム\MAYA入れるシステム\作業別シミュレーションシステムver2021v2\作業別シミュレーションシステム0121\Source.c(708,2): warning C4996: 'strcat': This function or variable may be unsafe. Consider using strcat_s instead. To disable deprecation, use _CRT_SECURE_NO_WARNINGS. See online help for details.
C:\Users\ie\Desktop\MAYA入れるシステム\MAYA入れるシステム\作業別シミュレーションシステムver2021v2\作業別シミュレーションシステム0121\Source.c(711,9): warning C4996: 'fopen': This function or variable may be unsafe. Consider using fopen_s instead. To disable deprecation, use _CRT_SECURE_NO_WARNINGS. See online help for details.
C:\Users\ie\Desktop\MAYA入れるシステム\MAYA入れるシステム\作業別シミュレーションシステムver2021v2\作業別シミュレーションシステム0121\Source.c(590,8): warning C4101: 'fp3': ローカル変数は 1 度も使われていません。
C:\Users\ie\Desktop\MAYA入れるシステム\MAYA入れるシステム\作業別シミュレーションシステムver2021v2\作業別シミュレーションシステム0121\Source.c(593,8): warning C4101: 'fp6': ローカル変数は 1 度も使われていません。
C:\Users\ie\Desktop\MAYA入れるシステム\MAYA入れるシステム\作業別シミュレーションシステムver2021v2\作業別シミュレーションシステム0121\Source.c(594,8): warning C4101: 'fp7': ローカル変数は 1 度も使われていません。
C:\Users\ie\Desktop\MAYA入れるシステム\MAYA入れるシステム\作業別シミュレーションシステムver2021v2\作業別シミュレーションシステム0121\Source.c(592,8): warning C4101: 'fp5': ローカル変数は 1 度も使われていません。
C:\Users\ie\Desktop\MAYA入れるシステム\MAYA入れるシステム\作業別シミュレーションシステムver2021v2\作業別シミュレーションシステム0121\Source.c(591,8): warning C4101: 'fp4': ローカル変数は 1 度も使われていません。
C:\Users\ie\Desktop\MAYA入れるシステム\MAYA入れるシステム\作業別シミュレーションシステムver2021v2\作業別シミュレーションシステム0121\Source.c(860,43): warning C4244: '=': 'double' から 'int' への変換です。データが失われる可能性があります。
C:\Users\ie\Desktop\MAYA入れるシステム\MAYA入れるシステム\作業別シミュレーションシステムver2021v2\作業別シミュレーションシステム0121\Source.c(861,46): warning C4244: '=': 'double' から 'int' への変換です。データが失われる可能性があります。
C:\Users\ie\Desktop\MAYA入れるシステム\MAYA入れるシステム\作業別シミュレーションシステムver2021v2\作業別シミュレーションシステム0121\Source.c(743,4): warning C4996: 'sprintf': This function or variable may be unsafe. Consider using sprintf_s instead. To disable deprecation, use _CRT_SECURE_NO_WARNINGS. See online help for details.
C:\Users\ie\Desktop\MAYA入れるシステム\MAYA入れるシステム\作業別シミュレーションシステムver2021v2\作業別シミュレーションシステム0121\Source.c(747,4): warning C4996: 'sprintf': This function or variable may be unsafe. Consider using sprintf_s instead. To disable deprecation, use _CRT_SECURE_NO_WARNINGS. See online help for details.
C:\Users\ie\Desktop\MAYA入れるシステム\MAYA入れるシステム\作業別シミュレーションシステムver2021v2\作業別シミュレーションシステム0121\Source.c(751,4): warning C4996: 'sprintf': This function or variable may be unsafe. Consider using sprintf_s instead. To disable deprecation, use _CRT_SECURE_NO_WARNINGS. See online help for details.
C:\Users\ie\Desktop\MAYA入れるシステム\MAYA入れるシステム\作業別シミュレーションシステムver2021v2\作業別シミュレーションシステム0121\Source.c(755,9): warning C4996: 'fopen': This function or variable may be unsafe. Consider using fopen_s instead. To disable deprecation, use _CRT_SECURE_NO_WARNINGS. See online help for details.
C:\Users\ie\Desktop\MAYA入れるシステム\MAYA入れるシステム\作業別シミュレーションシステムver2021v2\作業別シミュレーションシステム0121\Source.c(761,4): warning C4996: 'sscanf': This function or variable may be unsafe. Consider using sscanf_s instead. To disable deprecation, use _CRT_SECURE_NO_WARNINGS. See online help for details.
C:\Users\ie\Desktop\MAYA入れるシステム\MAYA入れるシステム\作業別シミュレーションシステムver2021v2\作業別シミュレーションシステム0121\Source.c(771,6): warning C4996: 'itoa': The POSIX name for this item is deprecated. Instead, use the ISO C and C++ conformant name: _itoa. See online help for details.
C:\Users\ie\Desktop\MAYA入れるシステム\MAYA入れるシステム\作業別シミュレーションシステムver2021v2\作業別シミュレーションシステム0121\Source.c(772,6): warning C4996: 'strcpy': This function or variable may be unsafe. Consider using strcpy_s instead. To disable deprecation, use _CRT_SECURE_NO_WARNINGS. See online help for details.
C:\Users\ie\Desktop\MAYA入れるシステム\MAYA入れるシステム\作業別シミュレーションシステムver2021v2\作業別シミュレーションシステム0121\Source.c(773,6): warning C4996: 'strcat': This function or variable may be unsafe. Consider using strcat_s instead. To disable deprecation, use _CRT_SECURE_NO_WARNINGS. See online help for details.
C:\Users\ie\Desktop\MAYA入れるシステム\MAYA入れるシステム\作業別シミュレーションシステムver2021v2\作業別シミュレーションシステム0121\Source.c(774,6): warning C4996: 'strcat': This function or variable may be unsafe. Consider using strcat_s instead. To disable deprecation, use _CRT_SECURE_NO_WARNINGS. See online help for details.
C:\Users\ie\Desktop\MAYA入れるシステム\MAYA入れるシステム\作業別シミュレーションシステムver2021v2\作業別シミュレーションシステム0121\Source.c(777,7): warning C4996: 'strcat': This function or variable may be unsafe. Consider using strcat_s instead. To disable deprecation, use _CRT_SECURE_NO_WARNINGS. See online help for details.
C:\Users\ie\Desktop\MAYA入れるシステム\MAYA入れるシステム\作業別シミュレーションシステムver2021v2\作業別シミュレーションシステム0121\Source.c(781,7): warning C4996: 'strcat': This function or variable may be unsafe. Consider using strcat_s instead. To disable deprecation, use _CRT_SECURE_NO_WARNINGS. See online help for details.
C:\Users\ie\Desktop\MAYA入れるシステム\MAYA入れるシステム\作業別シミュレーションシステムver2021v2\作業別シミュレーションシステム0121\Source.c(785,7): warning C4996: 'strcat': This function or variable may be unsafe. Consider using strcat_s instead. To disable deprecation, use _CRT_SECURE_NO_WARNINGS. See online help for details.
C:\Users\ie\Desktop\MAYA入れるシステム\MAYA入れるシステム\作業別シミュレーションシステムver2021v2\作業別シミュレーションシステム0121\Source.c(787,6): warning C4996: 'strcat': This function or variable may be unsafe. Consider using strcat_s instead. To disable deprecation, use _CRT_SECURE_NO_WARNINGS. See online help for details.
C:\Users\ie\Desktop\MAYA入れるシステム\MAYA入れるシステム\作業別シミュレーションシステムver2021v2\作業別シミュレーションシステム0121\Source.c(788,6): warning C4996: 'strcat': This function or variable may be unsafe. Consider using strcat_s instead. To disable deprecation, use _CRT_SECURE_NO_WARNINGS. See online help for details.
C:\Users\ie\Desktop\MAYA入れるシステム\MAYA入れるシステム\作業別シミュレーションシステムver2021v2\作業別シミュレーションシステム0121\Source.c(790,6): warning C4996: 'strcat': This function or variable may be unsafe. Consider using strcat_s instead. To disable deprecation, use _CRT_SECURE_NO_WARNINGS. See online help for details.
C:\Users\ie\Desktop\MAYA入れるシステム\MAYA入れるシステム\作業別シミュレーションシステムver2021v2\作業別シミュレーションシステム0121\Source.c(1665,13): warning C4996: 'fopen': This function or variable may be unsafe. Consider using fopen_s instead. To disable deprecation, use _CRT_SECURE_NO_WARNINGS. See online help for details.
C:\Users\ie\Desktop\MAYA入れるシステム\MAYA入れるシステム\作業別シミュレーションシステムver2021v2\作業別シミュレーションシステム0121\Source.c(1679,8): warning C4996: 'sprintf': This function or variable may be unsafe. Consider using sprintf_s instead. To disable deprecation, use _CRT_SECURE_NO_WARNINGS. See online help for details.
C:\Users\ie\Desktop\MAYA入れるシステム\MAYA入れるシステム\作業別シミュレーションシステムver2021v2\作業別シミュレーションシステム0121\Source.c(1680,17): warning C4996: 'fopen': This function or variable may be unsafe. Consider using fopen_s instead. To disable deprecation, use _CRT_SECURE_NO_WARNINGS. See online help for details.
C:\Users\ie\Desktop\MAYA入れるシステム\MAYA入れるシステム\作業別シミュレーションシステムver2021v2\作業別シミュレーションシステム0121\Source.c(1687,13): warning C4996: 'fopen': This function or variable may be unsafe. Consider using fopen_s instead. To disable deprecation, use _CRT_SECURE_NO_WARNINGS. See online help for details.
C:\Users\ie\Desktop\MAYA入れるシステム\MAYA入れるシステム\作業別シミュレーションシステムver2021v2\作業別シミュレーションシステム0121\Source.c(1690,6): warning C4996: 'sscanf': This function or variable may be unsafe. Consider using sscanf_s instead. To disable deprecation, use _CRT_SECURE_NO_WARNINGS. See online help for details.
C:\Users\ie\Desktop\MAYA入れるシステム\MAYA入れるシステム\作業別シミュレーションシステムver2021v2\作業別シミュレーションシステム0121\Source.c(1704,7): warning C4996: 'sscanf': This function or variable may be unsafe. Consider using sscanf_s instead. To disable deprecation, use _CRT_SECURE_NO_WARNINGS. See online help for details.
C:\Users\ie\Desktop\MAYA入れるシステム\MAYA入れるシステム\作業別シミュレーションシステムver2021v2\作業別シミュレーションシステム0121\Source.c(1708,7): warning C4996: 'sscanf': This function or variable may be unsafe. Consider using sscanf_s instead. To disable deprecation, use _CRT_SECURE_NO_WARNINGS. See online help for details.
C:\Users\ie\Desktop\MAYA入れるシステム\MAYA入れるシステム\作業別シミュレーションシステムver2021v2\作業別シミュレーションシステム0121\Source.c(1836,13): warning C4996: 'fopen': This function or variable may be unsafe. Consider using fopen_s instead. To disable deprecation, use _CRT_SECURE_NO_WARNINGS. See online help for details.
C:\Users\ie\Desktop\MAYA入れるシステム\MAYA入れるシステム\作業別シミュレーションシステムver2021v2\作業別シミュレーションシステム0121\Source.c(2306,8): warning C4996: 'fopen': This function or variable may be unsafe. Consider using fopen_s instead. To disable deprecation, use _CRT_SECURE_NO_WARNINGS. See online help for details.
C:\Users\ie\Desktop\MAYA入れるシステム\MAYA入れるシステム\作業別シミュレーションシステムver2021v2\作業別シミュレーションシステム0121\Source.c(2324,6): warning C4996: 'sscanf': This function or variable may be unsafe. Consider using sscanf_s instead. To disable deprecation, use _CRT_SECURE_NO_WARNINGS. See online help for details.
C:\Users\ie\Desktop\MAYA入れるシステム\MAYA入れるシステム\作業別シミュレーションシステムver2021v2\作業別シミュレーションシステム0121\Source.c(2339,6): warning C4996: 'strncpy': This function or variable may be unsafe. Consider using strncpy_s instead. To disable deprecation, use _CRT_SECURE_NO_WARNINGS. See online help for details.
C:\Users\ie\Desktop\MAYA入れるシステム\MAYA入れるシステム\作業別シミュレーションシステムver2021v2\作業別シミュレーションシステム0121\Source.c(2433,7): warning C4996: 'sscanf': This function or variable may be unsafe. Consider using sscanf_s instead. To disable deprecation, use _CRT_SECURE_NO_WARNINGS. See online help for details.
C:\Users\ie\Desktop\MAYA入れるシステム\MAYA入れるシステム\作業別シミュレーションシステムver2021v2\作業別シミュレーションシステム0121\Source.c(2457,7): warning C4996: 'sscanf': This function or variable may be unsafe. Consider using sscanf_s instead. To disable deprecation, use _CRT_SECURE_NO_WARNINGS. See online help for details.
C:\Users\ie\Desktop\MAYA入れるシステム\MAYA入れるシステム\作業別シミュレーションシステムver2021v2\作業別シミュレーションシステム0121\Source.c(2480,7): warning C4996: 'sscanf': This function or variable may be unsafe. Consider using sscanf_s instead. To disable deprecation, use _CRT_SECURE_NO_WARNINGS. See online help for details.
C:\Users\ie\Desktop\MAYA入れるシステム\MAYA入れるシステム\作業別シミュレーションシステムver2021v2\作業別シミュレーションシステム0121\Source.c(2584,6): warning C4996: 'strncpy': This function or variable may be unsafe. Consider using strncpy_s instead. To disable deprecation, use _CRT_SECURE_NO_WARNINGS. See online help for details.
C:\Users\ie\Desktop\MAYA入れるシステム\MAYA入れるシステム\作業別シミュレーションシステムver2021v2\作業別シミュレーションシステム0121\Source.c(2678,7): warning C4996: 'sscanf': This function or variable may be unsafe. Consider using sscanf_s instead. To disable deprecation, use _CRT_SECURE_NO_WARNINGS. See online help for details.
C:\Users\ie\Desktop\MAYA入れるシステム\MAYA入れるシステム\作業別シミュレーションシステムver2021v2\作業別シミュレーションシステム0121\Source.c(2702,7): warning C4996: 'sscanf': This function or variable may be unsafe. Consider using sscanf_s instead. To disable deprecation, use _CRT_SECURE_NO_WARNINGS. See online help for details.
C:\Users\ie\Desktop\MAYA入れるシステム\MAYA入れるシステム\作業別シミュレーションシステムver2021v2\作業別シミュレーションシステム0121\Source.c(2725,7): warning C4996: 'sscanf': This function or variable may be unsafe. Consider using sscanf_s instead. To disable deprecation, use _CRT_SECURE_NO_WARNINGS. See online help for details.
C:\Users\ie\Desktop\MAYA入れるシステム\MAYA入れるシステム\作業別シミュレーションシステムver2021v2\作業別シミュレーションシステム0121\Source.c(2835,8): warning C4996: 'fopen': This function or variable may be unsafe. Consider using fopen_s instead. To disable deprecation, use _CRT_SECURE_NO_WARNINGS. See online help for details.
C:\Users\ie\Desktop\MAYA入れるシステム\MAYA入れるシステム\作業別シミュレーションシステムver2021v2\作業別シミュレーションシステム0121\Source.c(2844,2): warning C4996: 'sscanf': This function or variable may be unsafe. Consider using sscanf_s instead. To disable deprecation, use _CRT_SECURE_NO_WARNINGS. See online help for details.
C:\Users\ie\Desktop\MAYA入れるシステム\MAYA入れるシステム\作業別シミュレーションシステムver2021v2\作業別シミュレーションシステム0121\Source.c(2849,3): warning C4996: 'sscanf': This function or variable may be unsafe. Consider using sscanf_s instead. To disable deprecation, use _CRT_SECURE_NO_WARNINGS. See online help for details.
C:\Users\ie\Desktop\MAYA入れるシステム\MAYA入れるシステム\作業別シミュレーションシステムver2021v2\作業別シミュレーションシステム0121\Source.c(2865,8): warning C4996: 'fopen': This function or variable may be unsafe. Consider using fopen_s instead. To disable deprecation, use _CRT_SECURE_NO_WARNINGS. See online help for details.
C:\Users\ie\Desktop\MAYA入れるシステム\MAYA入れるシステム\作業別シミュレーションシステムver2021v2\作業別シミュレーションシステム0121\Source.c(2878,3): warning C4996: 'sscanf': This function or variable may be unsafe. Consider using sscanf_s instead. To disable deprecation, use _CRT_SECURE_NO_WARNINGS. See online help for details.
C:\Users\ie\Desktop\MAYA入れるシステム\MAYA入れるシステム\作業別シミュレーションシステムver2021v2\作業別シミュレーションシステム0121\Source.c(2884,5): warning C4996: 'sscanf': This function or variable may be unsafe. Consider using sscanf_s instead. To disable deprecation, use _CRT_SECURE_NO_WARNINGS. See online help for details.
C:\Users\ie\Desktop\MAYA入れるシステム\MAYA入れるシステム\作業別シミュレーションシステムver2021v2\作業別シミュレーションシステム0121\Source.c(2889,5): warning C4996: 'sscanf': This function or variable may be unsafe. Consider using sscanf_s instead. To disable deprecation, use _CRT_SECURE_NO_WARNINGS. See online help for details.
C:\Users\ie\Desktop\MAYA入れるシステム\MAYA入れるシステム\作業別シミュレーションシステムver2021v2\作業別シミュレーションシステム0121\Source.c(2933,8): warning C4996: 'fopen': This function or variable may be unsafe. Consider using fopen_s instead. To disable deprecation, use _CRT_SECURE_NO_WARNINGS. See online help for details.
C:\Users\ie\Desktop\MAYA入れるシステム\MAYA入れるシステム\作業別シミュレーションシステムver2021v2\作業別シミュレーションシステム0121\Source.c(2947,3): warning C4996: 'sscanf': This function or variable may be unsafe. Consider using sscanf_s instead. To disable deprecation, use _CRT_SECURE_NO_WARNINGS. See online help for details.
C:\Users\ie\Desktop\MAYA入れるシステム\MAYA入れるシステム\作業別シミュレーションシステムver2021v2\作業別シミュレーションシステム0121\Source.c(2929,13): warning C4101: 'j': ローカル変数は 1 度も使われていません。
C:\Users\ie\Desktop\MAYA入れるシステム\MAYA入れるシステム\作業別シミュレーションシステムver2021v2\作業別シミュレーションシステム0121\Source.c(3178,32): warning C4047: '==': 間接参照のレベルが 'int' と 'void *' で異なっています。
C:\Users\ie\Desktop\MAYA入れるシステム\MAYA入れるシステム\作業別シミュレーションシステムver2021v2\作業別シミュレーションシステム0121\Source.c(3000,8): warning C4996: 'fopen': This function or variable may be unsafe. Consider using fopen_s instead. To disable deprecation, use _CRT_SECURE_NO_WARNINGS. See online help for details.
C:\Users\ie\Desktop\MAYA入れるシステム\MAYA入れるシステム\作業別シミュレーションシステムver2021v2\作業別シミュレーションシステム0121\Source.c(3010,2): warning C4996: 'sscanf': This function or variable may be unsafe. Consider using sscanf_s instead. To disable deprecation, use _CRT_SECURE_NO_WARNINGS. See online help for details.
C:\Users\ie\Desktop\MAYA入れるシステム\MAYA入れるシステム\作業別シミュレーションシステムver2021v2\作業別シミュレーションシステム0121\Source.c(3014,2): warning C4996: 'sscanf': This function or variable may be unsafe. Consider using sscanf_s instead. To disable deprecation, use _CRT_SECURE_NO_WARNINGS. See online help for details.
C:\Users\ie\Desktop\MAYA入れるシステム\MAYA入れるシステム\作業別シミュレーションシステムver2021v2\作業別シミュレーションシステム0121\Source.c(3018,2): warning C4996: 'sscanf': This function or variable may be unsafe. Consider using sscanf_s instead. To disable deprecation, use _CRT_SECURE_NO_WARNINGS. See online help for details.
C:\Users\ie\Desktop\MAYA入れるシステム\MAYA入れるシステム\作業別シミュレーションシステムver2021v2\作業別シミュレーションシステム0121\Source.c(3022,2): warning C4996: 'sscanf': This function or variable may be unsafe. Consider using sscanf_s instead. To disable deprecation, use _CRT_SECURE_NO_WARNINGS. See online help for details.
C:\Users\ie\Desktop\MAYA入れるシステム\MAYA入れるシステム\作業別シミュレーションシステムver2021v2\作業別シミュレーションシステム0121\Source.c(3026,2): warning C4996: 'sscanf': This function or variable may be unsafe. Consider using sscanf_s instead. To disable deprecation, use _CRT_SECURE_NO_WARNINGS. See online help for details.
C:\Users\ie\Desktop\MAYA入れるシステム\MAYA入れるシステム\作業別シミュレーションシステムver2021v2\作業別シミュレーションシステム0121\Source.c(3030,2): warning C4996: 'sscanf': This function or variable may be unsafe. Consider using sscanf_s instead. To disable deprecation, use _CRT_SECURE_NO_WARNINGS. See online help for details.
C:\Users\ie\Desktop\MAYA入れるシステム\MAYA入れるシステム\作業別シミュレーションシステムver2021v2\作業別シミュレーションシステム0121\Source.c(3033,3): warning C4996: 'sscanf': This function or variable may be unsafe. Consider using sscanf_s instead. To disable deprecation, use _CRT_SECURE_NO_WARNINGS. See online help for details.
C:\Users\ie\Desktop\MAYA入れるシステム\MAYA入れるシステム\作業別シミュレーションシステムver2021v2\作業別シミュレーションシステム0121\Source.c(3042,3): warning C4996: 'sscanf': This function or variable may be unsafe. Consider using sscanf_s instead. To disable deprecation, use _CRT_SECURE_NO_WARNINGS. See online help for details.
C:\Users\ie\Desktop\MAYA入れるシステム\MAYA入れるシステム\作業別シミュレーションシステムver2021v2\作業別シミュレーションシステム0121\Source.c(3050,4): warning C4996: 'sscanf': This function or variable may be unsafe. Consider using sscanf_s instead. To disable deprecation, use _CRT_SECURE_NO_WARNINGS. See online help for details.
C:\Users\ie\Desktop\MAYA入れるシステム\MAYA入れるシステム\作業別シミュレーションシステムver2021v2\作業別シミュレーションシステム0121\Source.c(3058,4): warning C4996: 'sscanf': This function or variable may be unsafe. Consider using sscanf_s instead. To disable deprecation, use _CRT_SECURE_NO_WARNINGS. See online help for details.
C:\Users\ie\Desktop\MAYA入れるシステム\MAYA入れるシステム\作業別シミュレーションシステムver2021v2\作業別シミュレーションシステム0121\Source.c(3067,5): warning C4996: 'sscanf': This function or variable may be unsafe. Consider using sscanf_s instead. To disable deprecation, use _CRT_SECURE_NO_WARNINGS. See online help for details.
C:\Users\ie\Desktop\MAYA入れるシステム\MAYA入れるシステム\作業別シミュレーションシステムver2021v2\作業別シミュレーションシステム0121\Source.c(3078,5): warning C4996: 'sscanf': This function or variable may be unsafe. Consider using sscanf_s instead. To disable deprecation, use _CRT_SECURE_NO_WARNINGS. See online help for details.
C:\Users\ie\Desktop\MAYA入れるシステム\MAYA入れるシステム\作業別シミュレーションシステムver2021v2\作業別シミュレーションシステム0121\Source.c(3092,5): warning C4996: 'sscanf': This function or variable may be unsafe. Consider using sscanf_s instead. To disable deprecation, use _CRT_SECURE_NO_WARNINGS. See online help for details.
C:\Users\ie\Desktop\MAYA入れるシステム\MAYA入れるシステム\作業別シミュレーションシステムver2021v2\作業別シミュレーションシステム0121\Source.c(3155,2): warning C4996: 'sscanf': This function or variable may be unsafe. Consider using sscanf_s instead. To disable deprecation, use _CRT_SECURE_NO_WARNINGS. See online help for details.
C:\Users\ie\Desktop\MAYA入れるシステム\MAYA入れるシステム\作業別シミュレーションシステムver2021v2\作業別シミュレーションシステム0121\Source.c(3161,5): warning C4996: 'sscanf': This function or variable may be unsafe. Consider using sscanf_s instead. To disable deprecation, use _CRT_SECURE_NO_WARNINGS. See online help for details.
C:\Users\ie\Desktop\MAYA入れるシステム\MAYA入れるシステム\作業別シミュレーションシステムver2021v2\作業別シミュレーションシステム0121\Source.c(3166,5): warning C4996: 'sscanf': This function or variable may be unsafe. Consider using sscanf_s instead. To disable deprecation, use _CRT_SECURE_NO_WARNINGS. See online help for details.
C:\Users\ie\Desktop\MAYA入れるシステム\MAYA入れるシステム\作業別シミュレーションシステムver2021v2\作業別シミュレーションシステム0121\Source.c(3171,5): warning C4996: 'sscanf': This function or variable may be unsafe. Consider using sscanf_s instead. To disable deprecation, use _CRT_SECURE_NO_WARNINGS. See online help for details.
C:\Users\ie\Desktop\MAYA入れるシステム\MAYA入れるシステム\作業別シミュレーションシステムver2021v2\作業別シミュレーションシステム0121\Source.c(3187,3): warning C4996: 'sscanf': This function or variable may be unsafe. Consider using sscanf_s instead. To disable deprecation, use _CRT_SECURE_NO_WARNINGS. See online help for details.
C:\Users\ie\Desktop\MAYA入れるシステム\MAYA入れるシステム\作業別シミュレーションシステムver2021v2\作業別シミュレーションシステム0121\Source.c(4151,6): warning C4101: 'z': ローカル変数は 1 度も使われていません。
C:\Users\ie\Desktop\MAYA入れるシステム\MAYA入れるシステム\作業別シミュレーションシステムver2021v2\作業別シミュレーションシステム0121\Source.c(4149,6): warning C4101: 'dash': ローカル変数は 1 度も使われていません。
C:\Users\ie\Desktop\MAYA入れるシステム\MAYA入れるシステム\作業別シミュレーションシステムver2021v2\作業別シミュレーションシステム0121\Source.c(4150,9): warning C4101: 'rad_x': ローカル変数は 1 度も使われていません。
C:\Users\ie\Desktop\MAYA入れるシステム\MAYA入れるシステム\作業別シミュレーションシステムver2021v2\作業別シミュレーションシステム0121\Source.c(4150,16): warning C4101: 'rad_y': ローカル変数は 1 度も使われていません。
C:\Users\ie\Desktop\MAYA入れるシステム\MAYA入れるシステム\作業別シミュレーションシステムver2021v2\作業別シミュレーションシステム0121\Source.c(4150,23): warning C4101: 'rad_z': ローカル変数は 1 度も使われていません。
C:\Users\ie\Desktop\MAYA入れるシステム\MAYA入れるシステム\作業別シミュレーションシステムver2021v2\作業別シミュレーションシステム0121\Source.c(6226,44): warning C4244: '=': 'double' から 'int' への変換です。データが失われる可能性があります。
C:\Users\ie\Desktop\MAYA入れるシステム\MAYA入れるシステム\作業別シミュレーションシステムver2021v2\作業別シミュレーションシステム0121\Source.c(6227,47): warning C4244: '=': 'double' から 'int' への変換です。データが失われる可能性があります。
C:\Users\ie\Desktop\MAYA入れるシステム\MAYA入れるシステム\作業別シミュレーションシステムver2021v2\作業別シミュレーションシステム0121\Source.c(6479,38): warning C4244: '=': 'double' から 'int' への変換です。データが失われる可能性があります。
C:\Users\ie\Desktop\MAYA入れるシステム\MAYA入れるシステム\作業別シミュレーションシステムver2021v2\作業別シミュレーションシステム0121\Source.c(6480,41): warning C4244: '=': 'double' から 'int' への変換です。データが失われる可能性があります。
C:\Users\ie\Desktop\MAYA入れるシステム\MAYA入れるシステム\作業別シミュレーションシステムver2021v2\作業別シミュレーションシステム0121\Source.c(6253,32): warning C4101: 'KoPa0': ローカル変数は 1 度も使われていません。
C:\Users\ie\Desktop\MAYA入れるシステム\MAYA入れるシステム\作業別シミュレーションシステムver2021v2\作業別シミュレーションシステム0121\Source.c(6532,34): warning C4244: '=': 'double' から 'int' への変換です。データが失われる可能性があります。
C:\Users\ie\Desktop\MAYA入れるシステム\MAYA入れるシステム\作業別シミュレーションシステムver2021v2\作業別シミュレーションシステム0121\Source.c(6533,35): warning C4244: '=': 'double' から 'int' への変換です。データが失われる可能性があります。
C:\Users\ie\Desktop\MAYA入れるシステム\MAYA入れるシステム\作業別シミュレーションシステムver2021v2\作業別シミュレーションシステム0121\Source.c(6534,34): warning C4244: '=': 'double' から 'int' への変換です。データが失われる可能性があります。
C:\Users\ie\Desktop\MAYA入れるシステム\MAYA入れるシステム\作業別シミュレーションシステムver2021v2\作業別シミュレーションシステム0121\Source.c(6535,35): warning C4244: '=': 'double' から 'int' への変換です。データが失われる可能性があります。
C:\Users\ie\Desktop\MAYA入れるシステム\MAYA入れるシステム\作業別シミュレーションシステムver2021v2\作業別シミュレーションシステム0121\Source.c(6536,34): warning C4244: '=': 'double' から 'int' への変換です。データが失われる可能性があります。
C:\Users\ie\Desktop\MAYA入れるシステム\MAYA入れるシステム\作業別シミュレーションシステムver2021v2\作業別シミュレーションシステム0121\Source.c(6537,35): warning C4244: '=': 'double' から 'int' への変換です。データが失われる可能性があります。
C:\Users\ie\Desktop\MAYA入れるシステム\MAYA入れるシステム\作業別シミュレーションシステムver2021v2\作業別シミュレーションシステム0121\Source.c(24487,36): warning C4047: '==': 間接参照のレベルが 'int [1000]' と 'int' で異なっています。
C:\Users\ie\Desktop\MAYA入れるシステム\MAYA入れるシステム\作業別シミュレーションシステムver2021v2\作業別シミュレーションシステム0121\Source.c(27977,90): warning C4244: '=': 'double' から 'int' への変換です。データが失われる可能性があります。
C:\Users\ie\Desktop\MAYA入れるシステム\MAYA入れるシステム\作業別シミュレーションシステムver2021v2\作業別シミュレーションシステム0121\Source.c(28160,90): warning C4244: '=': 'double' から 'int' への変換です。データが失われる可能性があります。
C:\Users\ie\Desktop\MAYA入れるシステム\MAYA入れるシステム\作業別シミュレーションシステムver2021v2\作業別シミュレーションシステム0121\Source.c(27850,9): warning C4101: 'rad': ローカル変数は 1 度も使われていません。
C:\Users\ie\Desktop\MAYA入れるシステム\MAYA入れるシステム\作業別シミュレーションシステムver2021v2\作業別シミュレーションシステム0121\Source.c(28375,50): warning C4047: '=': 間接参照のレベルが 'int' と 'int *' で異なっています。
C:\Users\ie\Desktop\MAYA入れるシステム\MAYA入れるシステム\作業別シミュレーションシステムver2021v2\作業別シミュレーションシステム0121\Source.c(28781,6): warning C4101: 'f': ローカル変数は 1 度も使われていません。
C:\Users\ie\Desktop\MAYA入れるシステム\MAYA入れるシステム\作業別シミュレーションシステムver2021v2\作業別シミュレーションシステム0121\Source.c(29184,6): warning C4101: 'f': ローカル変数は 1 度も使われていません。
C:\Users\ie\Desktop\MAYA入れるシステム\MAYA入れるシステム\作業別シミュレーションシステムver2021v2\作業別シミュレーションシステム0121\Source.c(29257,4): warning C4996: 'strncpy': This function or variable may be unsafe. Consider using strncpy_s instead. To disable deprecation, use _CRT_SECURE_NO_WARNINGS. See online help for details.
C:\Users\ie\Desktop\MAYA入れるシステム\MAYA入れるシステム\作業別シミュレーションシステムver2021v2\作業別シミュレーションシステム0121\Source.c(29262,4): warning C4996: 'strcat': This function or variable may be unsafe. Consider using strcat_s instead. To disable deprecation, use _CRT_SECURE_NO_WARNINGS. See online help for details.
C:\Users\ie\Desktop\MAYA入れるシステム\MAYA入れるシステム\作業別シミュレーションシステムver2021v2\作業別シミュレーションシステム0121\Source.c(29263,4): warning C4996: 'strcpy': This function or variable may be unsafe. Consider using strcpy_s instead. To disable deprecation, use _CRT_SECURE_NO_WARNINGS. See online help for details.
  作業別シミュレーションシステム0121.vcxproj -> C:\Users\ie\Desktop\MAYA入れるシステム\MAYA入れるシステム\作業別シミュレーションシステムver2021v2\Debug\作業別シミュレーションシステム0121.exe
