  PLP_ALL_S0作成システム.c
C:\Users\tomok\OneDrive\ドキュメント\デスクトップ\PLP_ALL_S0作成システム\PLP_ALL_S0作成システム\PLP_ALL_S0作成システム.c(25,1): warning C4005: 'PWNum': マクロが再定義されました。
C:\Users\tomok\OneDrive\ドキュメント\デスクトップ\PLP_ALL_S0作成システム\PLP_ALL_S0作成システム\PLP_ALL_S0作成システム.c(11): message : 'PWNum' の以前の定義を確認してください
C:\Users\tomok\OneDrive\ドキュメント\デスクトップ\PLP_ALL_S0作成システム\PLP_ALL_S0作成システム\PLP_ALL_S0作成システム.c(126,8): warning C4996: 'strcat': This function or variable may be unsafe. Consider using strcat_s instead. To disable deprecation, use _CRT_SECURE_NO_WARNINGS. See online help for details.
C:\Users\tomok\OneDrive\ドキュメント\デスクトップ\PLP_ALL_S0作成システム\PLP_ALL_S0作成システム\PLP_ALL_S0作成システム.c(127,8): warning C4996: 'strcat': This function or variable may be unsafe. Consider using strcat_s instead. To disable deprecation, use _CRT_SECURE_NO_WARNINGS. See online help for details.
C:\Users\tomok\OneDrive\ドキュメント\デスクトップ\PLP_ALL_S0作成システム\PLP_ALL_S0作成システム\PLP_ALL_S0作成システム.c(162,8): warning C4996: 'strcpy': This function or variable may be unsafe. Consider using strcpy_s instead. To disable deprecation, use _CRT_SECURE_NO_WARNINGS. See online help for details.
C:\Users\tomok\OneDrive\ドキュメント\デスクトップ\PLP_ALL_S0作成システム\PLP_ALL_S0作成システム\PLP_ALL_S0作成システム.c(163,8): warning C4996: 'strcat': This function or variable may be unsafe. Consider using strcat_s instead. To disable deprecation, use _CRT_SECURE_NO_WARNINGS. See online help for details.
C:\Users\tomok\OneDrive\ドキュメント\デスクトップ\PLP_ALL_S0作成システム\PLP_ALL_S0作成システム\PLP_ALL_S0作成システム.c(164,8): warning C4996: 'strcat': This function or variable may be unsafe. Consider using strcat_s instead. To disable deprecation, use _CRT_SECURE_NO_WARNINGS. See online help for details.
C:\Users\tomok\OneDrive\ドキュメント\デスクトップ\PLP_ALL_S0作成システム\PLP_ALL_S0作成システム\PLP_ALL_S0作成システム.c(165,8): warning C4996: 'strcat': This function or variable may be unsafe. Consider using strcat_s instead. To disable deprecation, use _CRT_SECURE_NO_WARNINGS. See online help for details.
C:\Users\tomok\OneDrive\ドキュメント\デスクトップ\PLP_ALL_S0作成システム\PLP_ALL_S0作成システム\PLP_ALL_S0作成システム.c(168,8): warning C4996: 'strcpy': This function or variable may be unsafe. Consider using strcpy_s instead. To disable deprecation, use _CRT_SECURE_NO_WARNINGS. See online help for details.
C:\Users\tomok\OneDrive\ドキュメント\デスクトップ\PLP_ALL_S0作成システム\PLP_ALL_S0作成システム\PLP_ALL_S0作成システム.c(169,8): warning C4996: 'strcat': This function or variable may be unsafe. Consider using strcat_s instead. To disable deprecation, use _CRT_SECURE_NO_WARNINGS. See online help for details.
C:\Users\tomok\OneDrive\ドキュメント\デスクトップ\PLP_ALL_S0作成システム\PLP_ALL_S0作成システム\PLP_ALL_S0作成システム.c(170,8): warning C4996: 'strcat': This function or variable may be unsafe. Consider using strcat_s instead. To disable deprecation, use _CRT_SECURE_NO_WARNINGS. See online help for details.
C:\Users\tomok\OneDrive\ドキュメント\デスクトップ\PLP_ALL_S0作成システム\PLP_ALL_S0作成システム\PLP_ALL_S0作成システム.c(174,9): warning C4996: 'strcat': This function or variable may be unsafe. Consider using strcat_s instead. To disable deprecation, use _CRT_SECURE_NO_WARNINGS. See online help for details.
C:\Users\tomok\OneDrive\ドキュメント\デスクトップ\PLP_ALL_S0作成システム\PLP_ALL_S0作成システム\PLP_ALL_S0作成システム.c(178,9): warning C4996: 'strcat': This function or variable may be unsafe. Consider using strcat_s instead. To disable deprecation, use _CRT_SECURE_NO_WARNINGS. See online help for details.
C:\Users\tomok\OneDrive\ドキュメント\デスクトップ\PLP_ALL_S0作成システム\PLP_ALL_S0作成システム\PLP_ALL_S0作成システム.c(182,9): warning C4996: 'strcat': This function or variable may be unsafe. Consider using strcat_s instead. To disable deprecation, use _CRT_SECURE_NO_WARNINGS. See online help for details.
C:\Users\tomok\OneDrive\ドキュメント\デスクトップ\PLP_ALL_S0作成システム\PLP_ALL_S0作成システム\PLP_ALL_S0作成システム.c(186,8): warning C4996: 'strcpy': This function or variable may be unsafe. Consider using strcpy_s instead. To disable deprecation, use _CRT_SECURE_NO_WARNINGS. See online help for details.
C:\Users\tomok\OneDrive\ドキュメント\デスクトップ\PLP_ALL_S0作成システム\PLP_ALL_S0作成システム\PLP_ALL_S0作成システム.c(187,8): warning C4996: 'strcat': This function or variable may be unsafe. Consider using strcat_s instead. To disable deprecation, use _CRT_SECURE_NO_WARNINGS. See online help for details.
C:\Users\tomok\OneDrive\ドキュメント\デスクトップ\PLP_ALL_S0作成システム\PLP_ALL_S0作成システム\PLP_ALL_S0作成システム.c(188,8): warning C4996: 'strcat': This function or variable may be unsafe. Consider using strcat_s instead. To disable deprecation, use _CRT_SECURE_NO_WARNINGS. See online help for details.
C:\Users\tomok\OneDrive\ドキュメント\デスクトップ\PLP_ALL_S0作成システム\PLP_ALL_S0作成システム\PLP_ALL_S0作成システム.c(189,8): warning C4996: 'strcat': This function or variable may be unsafe. Consider using strcat_s instead. To disable deprecation, use _CRT_SECURE_NO_WARNINGS. See online help for details.
C:\Users\tomok\OneDrive\ドキュメント\デスクトップ\PLP_ALL_S0作成システム\PLP_ALL_S0作成システム\PLP_ALL_S0作成システム.c(152,8): warning C4996: 'fopen': This function or variable may be unsafe. Consider using fopen_s instead. To disable deprecation, use _CRT_SECURE_NO_WARNINGS. See online help for details.
C:\Users\tomok\OneDrive\ドキュメント\デスクトップ\PLP_ALL_S0作成システム\PLP_ALL_S0作成システム\PLP_ALL_S0作成システム.c(154,6): warning C4996: 'fscanf': This function or variable may be unsafe. Consider using fscanf_s instead. To disable deprecation, use _CRT_SECURE_NO_WARNINGS. See online help for details.
C:\Users\tomok\OneDrive\ドキュメント\デスクトップ\PLP_ALL_S0作成システム\PLP_ALL_S0作成システム\PLP_ALL_S0作成システム.c(155,6): warning C4996: 'fscanf': This function or variable may be unsafe. Consider using fscanf_s instead. To disable deprecation, use _CRT_SECURE_NO_WARNINGS. See online help for details.
C:\Users\tomok\OneDrive\ドキュメント\デスクトップ\PLP_ALL_S0作成システム\PLP_ALL_S0作成システム\PLP_ALL_S0作成システム.c(156,6): warning C4996: 'fscanf': This function or variable may be unsafe. Consider using fscanf_s instead. To disable deprecation, use _CRT_SECURE_NO_WARNINGS. See online help for details.
C:\Users\tomok\OneDrive\ドキュメント\デスクトップ\PLP_ALL_S0作成システム\PLP_ALL_S0作成システム\PLP_ALL_S0作成システム.c(157,6): warning C4996: 'fscanf': This function or variable may be unsafe. Consider using fscanf_s instead. To disable deprecation, use _CRT_SECURE_NO_WARNINGS. See online help for details.
C:\Users\tomok\OneDrive\ドキュメント\デスクトップ\PLP_ALL_S0作成システム\PLP_ALL_S0作成システム\PLP_ALL_S0作成システム.c(158,6): warning C4996: 'fscanf': This function or variable may be unsafe. Consider using fscanf_s instead. To disable deprecation, use _CRT_SECURE_NO_WARNINGS. See online help for details.
C:\Users\tomok\OneDrive\ドキュメント\デスクトップ\PLP_ALL_S0作成システム\PLP_ALL_S0作成システム\PLP_ALL_S0作成システム.c(231,9): warning C4996: 'getch': The POSIX name for this item is deprecated. Instead, use the ISO C and C++ conformant name: _getch. See online help for details.
C:\Users\tomok\OneDrive\ドキュメント\デスクトップ\PLP_ALL_S0作成システム\PLP_ALL_S0作成システム\PLP_ALL_S0作成システム.c(254,9): warning C4996: 'strcat': This function or variable may be unsafe. Consider using strcat_s instead. To disable deprecation, use _CRT_SECURE_NO_WARNINGS. See online help for details.
C:\Users\tomok\OneDrive\ドキュメント\デスクトップ\PLP_ALL_S0作成システム\PLP_ALL_S0作成システム\PLP_ALL_S0作成システム.c(255,9): warning C4996: 'strcat': This function or variable may be unsafe. Consider using strcat_s instead. To disable deprecation, use _CRT_SECURE_NO_WARNINGS. See online help for details.
C:\Users\tomok\OneDrive\ドキュメント\デスクトップ\PLP_ALL_S0作成システム\PLP_ALL_S0作成システム\PLP_ALL_S0作成システム.c(257,9): warning C4996: 'fopen': This function or variable may be unsafe. Consider using fopen_s instead. To disable deprecation, use _CRT_SECURE_NO_WARNINGS. See online help for details.
C:\Users\tomok\OneDrive\ドキュメント\デスクトップ\PLP_ALL_S0作成システム\PLP_ALL_S0作成システム\PLP_ALL_S0作成システム.c(285,5): warning C4996: 'sscanf': This function or variable may be unsafe. Consider using sscanf_s instead. To disable deprecation, use _CRT_SECURE_NO_WARNINGS. See online help for details.
C:\Users\tomok\OneDrive\ドキュメント\デスクトップ\PLP_ALL_S0作成システム\PLP_ALL_S0作成システム\PLP_ALL_S0作成システム.c(290,5): warning C4996: 'sscanf': This function or variable may be unsafe. Consider using sscanf_s instead. To disable deprecation, use _CRT_SECURE_NO_WARNINGS. See online help for details.
C:\Users\tomok\OneDrive\ドキュメント\デスクトップ\PLP_ALL_S0作成システム\PLP_ALL_S0作成システム\PLP_ALL_S0作成システム.c(340,13): warning C4477: 'sscanf' : 書式文字列 '%d' には、型 'int *' の引数が必要ですが、可変個引数 18 は型 'double *' です
C:\Users\tomok\OneDrive\ドキュメント\デスクトップ\PLP_ALL_S0作成システム\PLP_ALL_S0作成システム\PLP_ALL_S0作成システム.c(318,8): warning C4996: 'fopen': This function or variable may be unsafe. Consider using fopen_s instead. To disable deprecation, use _CRT_SECURE_NO_WARNINGS. See online help for details.
C:\Users\tomok\OneDrive\ドキュメント\デスクトップ\PLP_ALL_S0作成システム\PLP_ALL_S0作成システム\PLP_ALL_S0作成システム.c(329,2): warning C4996: 'sscanf': This function or variable may be unsafe. Consider using sscanf_s instead. To disable deprecation, use _CRT_SECURE_NO_WARNINGS. See online help for details.
C:\Users\tomok\OneDrive\ドキュメント\デスクトップ\PLP_ALL_S0作成システム\PLP_ALL_S0作成システム\PLP_ALL_S0作成システム.c(340,3): warning C4996: 'sscanf': This function or variable may be unsafe. Consider using sscanf_s instead. To disable deprecation, use _CRT_SECURE_NO_WARNINGS. See online help for details.
C:\Users\tomok\OneDrive\ドキュメント\デスクトップ\PLP_ALL_S0作成システム\PLP_ALL_S0作成システム\PLP_ALL_S0作成システム.c(400,8): warning C4996: 'fopen': This function or variable may be unsafe. Consider using fopen_s instead. To disable deprecation, use _CRT_SECURE_NO_WARNINGS. See online help for details.
C:\Users\tomok\OneDrive\ドキュメント\デスクトップ\PLP_ALL_S0作成システム\PLP_ALL_S0作成システム\PLP_ALL_S0作成システム.c(513,14): warning C4013: 関数 'time' は定義されていません。int 型の値を返す外部関数と見なします。
C:\Users\tomok\OneDrive\ドキュメント\デスクトップ\PLP_ALL_S0作成システム\PLP_ALL_S0作成システム\PLP_ALL_S0作成システム.c(514,18): warning C4013: 関数 'localtime' は定義されていません。int 型の値を返す外部関数と見なします。
C:\Users\tomok\OneDrive\ドキュメント\デスクトップ\PLP_ALL_S0作成システム\PLP_ALL_S0作成システム\PLP_ALL_S0作成システム.c(514,26): warning C4047: '=': 間接参照のレベルが 'tm *' と 'int' で異なっています。
C:\Users\tomok\OneDrive\ドキュメント\デスクトップ\PLP_ALL_S0作成システム\PLP_ALL_S0作成システム\PLP_ALL_S0作成システム.c(517,10): warning C4013: 関数 'strftime' は定義されていません。int 型の値を返す外部関数と見なします。
C:\Users\tomok\OneDrive\ドキュメント\デスクトップ\PLP_ALL_S0作成システム\PLP_ALL_S0作成システム\PLP_ALL_S0作成システム.c(534,9): warning C4996: 'getch': The POSIX name for this item is deprecated. Instead, use the ISO C and C++ conformant name: _getch. See online help for details.
C:\Users\tomok\OneDrive\ドキュメント\デスクトップ\PLP_ALL_S0作成システム\PLP_ALL_S0作成システム\PLP_ALL_S0作成システム.c(564,2): warning C4996: 'sprintf': This function or variable may be unsafe. Consider using sprintf_s instead. To disable deprecation, use _CRT_SECURE_NO_WARNINGS. See online help for details.
  コード生成しています。
  Previous IPDB not found, fall back to full compilation.
C:\Users\tomok\OneDrive\ドキュメント\デスクトップ\PLP_ALL_S0作成システム\PLP_ALL_S0作成システム\PLP_ALL_S0作成システム.c(565): warning C4172: ローカル変数またはテンポラリのアドレスを返します: buf
  All 22 functions were compiled because no usable IPDB/IOBJ from previous compilation was found.
  コード生成が終了しました。
  PLP_ALL_S0作成システム.vcxproj -> C:\Users\tomok\OneDrive\ドキュメント\デスクトップ\PLP_ALL_S0作成システム\Release\PLP_ALL_S0作成システム.exe
