  main.c
C:\Users\ie\Desktop\MAYA入れるシステム\MAYA入れるシステム\両手組付けリスト作成システムver2021\両手用組付けリスト作成システム\main.c(211,2): warning C4996: 'strcat': This function or variable may be unsafe. Consider using strcat_s instead. To disable deprecation, use _CRT_SECURE_NO_WARNINGS. See online help for details.
C:\Users\ie\Desktop\MAYA入れるシステム\MAYA入れるシステム\両手組付けリスト作成システムver2021\両手用組付けリスト作成システム\main.c(212,2): warning C4996: 'strcat': This function or variable may be unsafe. Consider using strcat_s instead. To disable deprecation, use _CRT_SECURE_NO_WARNINGS. See online help for details.
C:\Users\ie\Desktop\MAYA入れるシステム\MAYA入れるシステム\両手組付けリスト作成システムver2021\両手用組付けリスト作成システム\main.c(223,8): warning C4996: 'fopen': This function or variable may be unsafe. Consider using fopen_s instead. To disable deprecation, use _CRT_SECURE_NO_WARNINGS. See online help for details.
C:\Users\ie\Desktop\MAYA入れるシステム\MAYA入れるシステム\両手組付けリスト作成システムver2021\両手用組付けリスト作成システム\main.c(225,6): warning C4996: 'fscanf': This function or variable may be unsafe. Consider using fscanf_s instead. To disable deprecation, use _CRT_SECURE_NO_WARNINGS. See online help for details.
C:\Users\ie\Desktop\MAYA入れるシステム\MAYA入れるシステム\両手組付けリスト作成システムver2021\両手用組付けリスト作成システム\main.c(226,6): warning C4996: 'fscanf': This function or variable may be unsafe. Consider using fscanf_s instead. To disable deprecation, use _CRT_SECURE_NO_WARNINGS. See online help for details.
C:\Users\ie\Desktop\MAYA入れるシステム\MAYA入れるシステム\両手組付けリスト作成システムver2021\両手用組付けリスト作成システム\main.c(227,6): warning C4996: 'fscanf': This function or variable may be unsafe. Consider using fscanf_s instead. To disable deprecation, use _CRT_SECURE_NO_WARNINGS. See online help for details.
C:\Users\ie\Desktop\MAYA入れるシステム\MAYA入れるシステム\両手組付けリスト作成システムver2021\両手用組付けリスト作成システム\main.c(228,2): warning C4996: 'sprintf': This function or variable may be unsafe. Consider using sprintf_s instead. To disable deprecation, use _CRT_SECURE_NO_WARNINGS. See online help for details.
C:\Users\ie\Desktop\MAYA入れるシステム\MAYA入れるシステム\両手組付けリスト作成システムver2021\両手用組付けリスト作成システム\main.c(232,2): warning C4996: 'sprintf': This function or variable may be unsafe. Consider using sprintf_s instead. To disable deprecation, use _CRT_SECURE_NO_WARNINGS. See online help for details.
C:\Users\ie\Desktop\MAYA入れるシステム\MAYA入れるシステム\両手組付けリスト作成システムver2021\両手用組付けリスト作成システム\main.c(234,2): warning C4996: 'strcpy': This function or variable may be unsafe. Consider using strcpy_s instead. To disable deprecation, use _CRT_SECURE_NO_WARNINGS. See online help for details.
C:\Users\ie\Desktop\MAYA入れるシステム\MAYA入れるシステム\両手組付けリスト作成システムver2021\両手用組付けリスト作成システム\main.c(235,2): warning C4996: 'strcat': This function or variable may be unsafe. Consider using strcat_s instead. To disable deprecation, use _CRT_SECURE_NO_WARNINGS. See online help for details.
C:\Users\ie\Desktop\MAYA入れるシステム\MAYA入れるシステム\両手組付けリスト作成システムver2021\両手用組付けリスト作成システム\main.c(236,2): warning C4996: 'strcat': This function or variable may be unsafe. Consider using strcat_s instead. To disable deprecation, use _CRT_SECURE_NO_WARNINGS. See online help for details.
C:\Users\ie\Desktop\MAYA入れるシステム\MAYA入れるシステム\両手組付けリスト作成システムver2021\両手用組付けリスト作成システム\main.c(240,3): warning C4996: 'strcat': This function or variable may be unsafe. Consider using strcat_s instead. To disable deprecation, use _CRT_SECURE_NO_WARNINGS. See online help for details.
C:\Users\ie\Desktop\MAYA入れるシステム\MAYA入れるシステム\両手組付けリスト作成システムver2021\両手用組付けリスト作成システム\main.c(244,3): warning C4996: 'strcat': This function or variable may be unsafe. Consider using strcat_s instead. To disable deprecation, use _CRT_SECURE_NO_WARNINGS. See online help for details.
C:\Users\ie\Desktop\MAYA入れるシステム\MAYA入れるシステム\両手組付けリスト作成システムver2021\両手用組付けリスト作成システム\main.c(248,3): warning C4996: 'strcat': This function or variable may be unsafe. Consider using strcat_s instead. To disable deprecation, use _CRT_SECURE_NO_WARNINGS. See online help for details.
C:\Users\ie\Desktop\MAYA入れるシステム\MAYA入れるシステム\両手組付けリスト作成システムver2021\両手用組付けリスト作成システム\main.c(253,6): warning C4996: 'fscanf': This function or variable may be unsafe. Consider using fscanf_s instead. To disable deprecation, use _CRT_SECURE_NO_WARNINGS. See online help for details.
C:\Users\ie\Desktop\MAYA入れるシステム\MAYA入れるシステム\両手組付けリスト作成システムver2021\両手用組付けリスト作成システム\main.c(289,8): warning C4996: 'fopen': This function or variable may be unsafe. Consider using fopen_s instead. To disable deprecation, use _CRT_SECURE_NO_WARNINGS. See online help for details.
C:\Users\ie\Desktop\MAYA入れるシステム\MAYA入れるシステム\両手組付けリスト作成システムver2021\両手用組付けリスト作成システム\main.c(298,2): warning C4996: 'sscanf': This function or variable may be unsafe. Consider using sscanf_s instead. To disable deprecation, use _CRT_SECURE_NO_WARNINGS. See online help for details.
C:\Users\ie\Desktop\MAYA入れるシステム\MAYA入れるシステム\両手組付けリスト作成システムver2021\両手用組付けリスト作成システム\main.c(316,7): warning C4996: 'fopen': This function or variable may be unsafe. Consider using fopen_s instead. To disable deprecation, use _CRT_SECURE_NO_WARNINGS. See online help for details.
C:\Users\ie\Desktop\MAYA入れるシステム\MAYA入れるシステム\両手組付けリスト作成システムver2021\両手用組付けリスト作成システム\main.c(321,2): warning C4996: 'sscanf': This function or variable may be unsafe. Consider using sscanf_s instead. To disable deprecation, use _CRT_SECURE_NO_WARNINGS. See online help for details.
C:\Users\ie\Desktop\MAYA入れるシステム\MAYA入れるシステム\両手組付けリスト作成システムver2021\両手用組付けリスト作成システム\main.c(327,3): warning C4996: 'sscanf': This function or variable may be unsafe. Consider using sscanf_s instead. To disable deprecation, use _CRT_SECURE_NO_WARNINGS. See online help for details.
C:\Users\ie\Desktop\MAYA入れるシステム\MAYA入れるシステム\両手組付けリスト作成システムver2021\両手用組付けリスト作成システム\main.c(357,7): warning C4996: 'fopen': This function or variable may be unsafe. Consider using fopen_s instead. To disable deprecation, use _CRT_SECURE_NO_WARNINGS. See online help for details.
C:\Users\ie\Desktop\MAYA入れるシステム\MAYA入れるシステム\両手組付けリスト作成システムver2021\両手用組付けリスト作成システム\main.c(364,3): warning C4996: 'sscanf': This function or variable may be unsafe. Consider using sscanf_s instead. To disable deprecation, use _CRT_SECURE_NO_WARNINGS. See online help for details.
C:\Users\ie\Desktop\MAYA入れるシステム\MAYA入れるシステム\両手組付けリスト作成システムver2021\両手用組付けリスト作成システム\main.c(386,8): warning C4996: 'fopen': This function or variable may be unsafe. Consider using fopen_s instead. To disable deprecation, use _CRT_SECURE_NO_WARNINGS. See online help for details.
C:\Users\ie\Desktop\MAYA入れるシステム\MAYA入れるシステム\両手組付けリスト作成システムver2021\両手用組付けリスト作成システム\main.c(401,3): warning C4996: 'sscanf': This function or variable may be unsafe. Consider using sscanf_s instead. To disable deprecation, use _CRT_SECURE_NO_WARNINGS. See online help for details.
C:\Users\ie\Desktop\MAYA入れるシステム\MAYA入れるシステム\両手組付けリスト作成システムver2021\両手用組付けリスト作成システム\main.c(402,3): warning C4996: 'sscanf': This function or variable may be unsafe. Consider using sscanf_s instead. To disable deprecation, use _CRT_SECURE_NO_WARNINGS. See online help for details.
C:\Users\ie\Desktop\MAYA入れるシステム\MAYA入れるシステム\両手組付けリスト作成システムver2021\両手用組付けリスト作成システム\main.c(403,3): warning C4996: 'sscanf': This function or variable may be unsafe. Consider using sscanf_s instead. To disable deprecation, use _CRT_SECURE_NO_WARNINGS. See online help for details.
C:\Users\ie\Desktop\MAYA入れるシステム\MAYA入れるシステム\両手組付けリスト作成システムver2021\両手用組付けリスト作成システム\main.c(404,3): warning C4996: 'sscanf': This function or variable may be unsafe. Consider using sscanf_s instead. To disable deprecation, use _CRT_SECURE_NO_WARNINGS. See online help for details.
C:\Users\ie\Desktop\MAYA入れるシステム\MAYA入れるシステム\両手組付けリスト作成システムver2021\両手用組付けリスト作成システム\main.c(405,3): warning C4996: 'sscanf': This function or variable may be unsafe. Consider using sscanf_s instead. To disable deprecation, use _CRT_SECURE_NO_WARNINGS. See online help for details.
C:\Users\ie\Desktop\MAYA入れるシステム\MAYA入れるシステム\両手組付けリスト作成システムver2021\両手用組付けリスト作成システム\main.c(410,4): warning C4996: 'sscanf': This function or variable may be unsafe. Consider using sscanf_s instead. To disable deprecation, use _CRT_SECURE_NO_WARNINGS. See online help for details.
C:\Users\ie\Desktop\MAYA入れるシステム\MAYA入れるシステム\両手組付けリスト作成システムver2021\両手用組付けリスト作成システム\main.c(416,4): warning C4996: 'sscanf': This function or variable may be unsafe. Consider using sscanf_s instead. To disable deprecation, use _CRT_SECURE_NO_WARNINGS. See online help for details.
C:\Users\ie\Desktop\MAYA入れるシステム\MAYA入れるシステム\両手組付けリスト作成システムver2021\両手用組付けリスト作成システム\main.c(422,4): warning C4996: 'sscanf': This function or variable may be unsafe. Consider using sscanf_s instead. To disable deprecation, use _CRT_SECURE_NO_WARNINGS. See online help for details.
C:\Users\ie\Desktop\MAYA入れるシステム\MAYA入れるシステム\両手組付けリスト作成システムver2021\両手用組付けリスト作成システム\main.c(429,4): warning C4996: 'sscanf': This function or variable may be unsafe. Consider using sscanf_s instead. To disable deprecation, use _CRT_SECURE_NO_WARNINGS. See online help for details.
C:\Users\ie\Desktop\MAYA入れるシステム\MAYA入れるシステム\両手組付けリスト作成システムver2021\両手用組付けリスト作成システム\main.c(456,2): warning C4996: 'strcpy': This function or variable may be unsafe. Consider using strcpy_s instead. To disable deprecation, use _CRT_SECURE_NO_WARNINGS. See online help for details.
C:\Users\ie\Desktop\MAYA入れるシステム\MAYA入れるシステム\両手組付けリスト作成システムver2021\両手用組付けリスト作成システム\main.c(457,2): warning C4996: 'strcat': This function or variable may be unsafe. Consider using strcat_s instead. To disable deprecation, use _CRT_SECURE_NO_WARNINGS. See online help for details.
C:\Users\ie\Desktop\MAYA入れるシステム\MAYA入れるシステム\両手組付けリスト作成システムver2021\両手用組付けリスト作成システム\main.c(458,2): warning C4996: 'strcat': This function or variable may be unsafe. Consider using strcat_s instead. To disable deprecation, use _CRT_SECURE_NO_WARNINGS. See online help for details.
C:\Users\ie\Desktop\MAYA入れるシステム\MAYA入れるシステム\両手組付けリスト作成システムver2021\両手用組付けリスト作成システム\main.c(459,2): warning C4996: 'strcat': This function or variable may be unsafe. Consider using strcat_s instead. To disable deprecation, use _CRT_SECURE_NO_WARNINGS. See online help for details.
C:\Users\ie\Desktop\MAYA入れるシステム\MAYA入れるシステム\両手組付けリスト作成システムver2021\両手用組付けリスト作成システム\main.c(461,7): warning C4996: 'fopen': This function or variable may be unsafe. Consider using fopen_s instead. To disable deprecation, use _CRT_SECURE_NO_WARNINGS. See online help for details.
C:\Users\ie\Desktop\MAYA入れるシステム\MAYA入れるシステム\両手組付けリスト作成システムver2021\両手用組付けリスト作成システム\main.c(475,12): warning C4047: '関数': 間接参照のレベルが 'FILE *const ' と 'int' で異なっています。
C:\Users\ie\Desktop\MAYA入れるシステム\MAYA入れるシステム\両手組付けリスト作成システムver2021\両手用組付けリスト作成システム\main.c(475,10): warning C4024: 'fprintf': の型が 1 の仮引数および実引数と異なります。
C:\Users\ie\Desktop\MAYA入れるシステム\MAYA入れるシステム\両手組付けリスト作成システムver2021\両手用組付けリスト作成システム\main.c(476,12): warning C4047: '関数': 間接参照のレベルが 'FILE *const ' と 'int' で異なっています。
C:\Users\ie\Desktop\MAYA入れるシステム\MAYA入れるシステム\両手組付けリスト作成システムver2021\両手用組付けリスト作成システム\main.c(476,10): warning C4024: 'fprintf': の型が 1 の仮引数および実引数と異なります。
C:\Users\ie\Desktop\MAYA入れるシステム\MAYA入れるシステム\両手組付けリスト作成システムver2021\両手用組付けリスト作成システム\main.c(484,15): warning C4047: '関数': 間接参照のレベルが 'FILE *const ' と 'int' で異なっています。
C:\Users\ie\Desktop\MAYA入れるシステム\MAYA入れるシステム\両手組付けリスト作成システムver2021\両手用組付けリスト作成システム\main.c(484,13): warning C4024: 'fprintf': の型が 1 の仮引数および実引数と異なります。
C:\Users\ie\Desktop\MAYA入れるシステム\MAYA入れるシステム\両手組付けリスト作成システムver2021\両手用組付けリスト作成システム\main.c(488,15): warning C4047: '関数': 間接参照のレベルが 'FILE *const ' と 'int' で異なっています。
C:\Users\ie\Desktop\MAYA入れるシステム\MAYA入れるシステム\両手組付けリスト作成システムver2021\両手用組付けリスト作成システム\main.c(488,13): warning C4024: 'fprintf': の型が 1 の仮引数および実引数と異なります。
  両手用組付けリスト作成システム.vcxproj -> C:\Users\ie\Desktop\MAYA入れるシステム\MAYA入れるシステム\両手組付けリスト作成システムver2021\Debug\両手用組付けリスト作成システム.exe
