  PLP_ALL_レイアウト変更VFDL導出システム.c
I:\PLP_ALL_レイアウト変更VFDL導出システム\PLP_ALL_レイアウト変更VFDL導出システム\PLP_ALL_レイアウト変更VFDL導出システム.c(24,1): warning C4005: 'PWNum': マクロが再定義されました。
I:\PLP_ALL_レイアウト変更VFDL導出システム\PLP_ALL_レイアウト変更VFDL導出システム\PLP_ALL_レイアウト変更VFDL導出システム.c(13): message : 'PWNum' の以前の定義を確認してください
I:\PLP_ALL_レイアウト変更VFDL導出システム\PLP_ALL_レイアウト変更VFDL導出システム\PLP_ALL_レイアウト変更VFDL導出システム.c(387,2): warning C4996: 'strcat': This function or variable may be unsafe. Consider using strcat_s instead. To disable deprecation, use _CRT_SECURE_NO_WARNINGS. See online help for details.
I:\PLP_ALL_レイアウト変更VFDL導出システム\PLP_ALL_レイアウト変更VFDL導出システム\PLP_ALL_レイアウト変更VFDL導出システム.c(388,2): warning C4996: 'strcat': This function or variable may be unsafe. Consider using strcat_s instead. To disable deprecation, use _CRT_SECURE_NO_WARNINGS. See online help for details.
I:\PLP_ALL_レイアウト変更VFDL導出システム\PLP_ALL_レイアウト変更VFDL導出システム\PLP_ALL_レイアウト変更VFDL導出システム.c(420,8): warning C4996: 'fopen': This function or variable may be unsafe. Consider using fopen_s instead. To disable deprecation, use _CRT_SECURE_NO_WARNINGS. See online help for details.
I:\PLP_ALL_レイアウト変更VFDL導出システム\PLP_ALL_レイアウト変更VFDL導出システム\PLP_ALL_レイアウト変更VFDL導出システム.c(422,6): warning C4996: 'fscanf': This function or variable may be unsafe. Consider using fscanf_s instead. To disable deprecation, use _CRT_SECURE_NO_WARNINGS. See online help for details.
I:\PLP_ALL_レイアウト変更VFDL導出システム\PLP_ALL_レイアウト変更VFDL導出システム\PLP_ALL_レイアウト変更VFDL導出システム.c(423,6): warning C4996: 'fscanf': This function or variable may be unsafe. Consider using fscanf_s instead. To disable deprecation, use _CRT_SECURE_NO_WARNINGS. See online help for details.
I:\PLP_ALL_レイアウト変更VFDL導出システム\PLP_ALL_レイアウト変更VFDL導出システム\PLP_ALL_レイアウト変更VFDL導出システム.c(424,6): warning C4996: 'fscanf': This function or variable may be unsafe. Consider using fscanf_s instead. To disable deprecation, use _CRT_SECURE_NO_WARNINGS. See online help for details.
I:\PLP_ALL_レイアウト変更VFDL導出システム\PLP_ALL_レイアウト変更VFDL導出システム\PLP_ALL_レイアウト変更VFDL導出システム.c(425,6): warning C4996: 'fscanf': This function or variable may be unsafe. Consider using fscanf_s instead. To disable deprecation, use _CRT_SECURE_NO_WARNINGS. See online help for details.
I:\PLP_ALL_レイアウト変更VFDL導出システム\PLP_ALL_レイアウト変更VFDL導出システム\PLP_ALL_レイアウト変更VFDL導出システム.c(426,6): warning C4996: 'fscanf': This function or variable may be unsafe. Consider using fscanf_s instead. To disable deprecation, use _CRT_SECURE_NO_WARNINGS. See online help for details.
I:\PLP_ALL_レイアウト変更VFDL導出システム\PLP_ALL_レイアウト変更VFDL導出システム\PLP_ALL_レイアウト変更VFDL導出システム.c(427,6): warning C4996: 'fscanf': This function or variable may be unsafe. Consider using fscanf_s instead. To disable deprecation, use _CRT_SECURE_NO_WARNINGS. See online help for details.
I:\PLP_ALL_レイアウト変更VFDL導出システム\PLP_ALL_レイアウト変更VFDL導出システム\PLP_ALL_レイアウト変更VFDL導出システム.c(428,6): warning C4996: 'fscanf': This function or variable may be unsafe. Consider using fscanf_s instead. To disable deprecation, use _CRT_SECURE_NO_WARNINGS. See online help for details.
I:\PLP_ALL_レイアウト変更VFDL導出システム\PLP_ALL_レイアウト変更VFDL導出システム\PLP_ALL_レイアウト変更VFDL導出システム.c(432,2): warning C4996: 'strcpy': This function or variable may be unsafe. Consider using strcpy_s instead. To disable deprecation, use _CRT_SECURE_NO_WARNINGS. See online help for details.
I:\PLP_ALL_レイアウト変更VFDL導出システム\PLP_ALL_レイアウト変更VFDL導出システム\PLP_ALL_レイアウト変更VFDL導出システム.c(433,2): warning C4996: 'strcat': This function or variable may be unsafe. Consider using strcat_s instead. To disable deprecation, use _CRT_SECURE_NO_WARNINGS. See online help for details.
I:\PLP_ALL_レイアウト変更VFDL導出システム\PLP_ALL_レイアウト変更VFDL導出システム\PLP_ALL_レイアウト変更VFDL導出システム.c(434,2): warning C4996: 'strcat': This function or variable may be unsafe. Consider using strcat_s instead. To disable deprecation, use _CRT_SECURE_NO_WARNINGS. See online help for details.
I:\PLP_ALL_レイアウト変更VFDL導出システム\PLP_ALL_レイアウト変更VFDL導出システム\PLP_ALL_レイアウト変更VFDL導出システム.c(435,2): warning C4996: 'strcat': This function or variable may be unsafe. Consider using strcat_s instead. To disable deprecation, use _CRT_SECURE_NO_WARNINGS. See online help for details.
I:\PLP_ALL_レイアウト変更VFDL導出システム\PLP_ALL_レイアウト変更VFDL導出システム\PLP_ALL_レイアウト変更VFDL導出システム.c(438,2): warning C4996: 'strcpy': This function or variable may be unsafe. Consider using strcpy_s instead. To disable deprecation, use _CRT_SECURE_NO_WARNINGS. See online help for details.
I:\PLP_ALL_レイアウト変更VFDL導出システム\PLP_ALL_レイアウト変更VFDL導出システム\PLP_ALL_レイアウト変更VFDL導出システム.c(439,2): warning C4996: 'strcat': This function or variable may be unsafe. Consider using strcat_s instead. To disable deprecation, use _CRT_SECURE_NO_WARNINGS. See online help for details.
I:\PLP_ALL_レイアウト変更VFDL導出システム\PLP_ALL_レイアウト変更VFDL導出システム\PLP_ALL_レイアウト変更VFDL導出システム.c(440,2): warning C4996: 'strcat': This function or variable may be unsafe. Consider using strcat_s instead. To disable deprecation, use _CRT_SECURE_NO_WARNINGS. See online help for details.
I:\PLP_ALL_レイアウト変更VFDL導出システム\PLP_ALL_レイアウト変更VFDL導出システム\PLP_ALL_レイアウト変更VFDL導出システム.c(443,2): warning C4996: 'strcpy': This function or variable may be unsafe. Consider using strcpy_s instead. To disable deprecation, use _CRT_SECURE_NO_WARNINGS. See online help for details.
I:\PLP_ALL_レイアウト変更VFDL導出システム\PLP_ALL_レイアウト変更VFDL導出システム\PLP_ALL_レイアウト変更VFDL導出システム.c(444,2): warning C4996: 'strcat': This function or variable may be unsafe. Consider using strcat_s instead. To disable deprecation, use _CRT_SECURE_NO_WARNINGS. See online help for details.
I:\PLP_ALL_レイアウト変更VFDL導出システム\PLP_ALL_レイアウト変更VFDL導出システム\PLP_ALL_レイアウト変更VFDL導出システム.c(445,2): warning C4996: 'strcat': This function or variable may be unsafe. Consider using strcat_s instead. To disable deprecation, use _CRT_SECURE_NO_WARNINGS. See online help for details.
I:\PLP_ALL_レイアウト変更VFDL導出システム\PLP_ALL_レイアウト変更VFDL導出システム\PLP_ALL_レイアウト変更VFDL導出システム.c(448,2): warning C4996: 'strcpy': This function or variable may be unsafe. Consider using strcpy_s instead. To disable deprecation, use _CRT_SECURE_NO_WARNINGS. See online help for details.
I:\PLP_ALL_レイアウト変更VFDL導出システム\PLP_ALL_レイアウト変更VFDL導出システム\PLP_ALL_レイアウト変更VFDL導出システム.c(449,2): warning C4996: 'strcat': This function or variable may be unsafe. Consider using strcat_s instead. To disable deprecation, use _CRT_SECURE_NO_WARNINGS. See online help for details.
I:\PLP_ALL_レイアウト変更VFDL導出システム\PLP_ALL_レイアウト変更VFDL導出システム\PLP_ALL_レイアウト変更VFDL導出システム.c(450,2): warning C4996: 'strcat': This function or variable may be unsafe. Consider using strcat_s instead. To disable deprecation, use _CRT_SECURE_NO_WARNINGS. See online help for details.
I:\PLP_ALL_レイアウト変更VFDL導出システム\PLP_ALL_レイアウト変更VFDL導出システム\PLP_ALL_レイアウト変更VFDL導出システム.c(455,3): warning C4996: 'strcat': This function or variable may be unsafe. Consider using strcat_s instead. To disable deprecation, use _CRT_SECURE_NO_WARNINGS. See online help for details.
I:\PLP_ALL_レイアウト変更VFDL導出システム\PLP_ALL_レイアウト変更VFDL導出システム\PLP_ALL_レイアウト変更VFDL導出システム.c(456,3): warning C4996: 'strcat': This function or variable may be unsafe. Consider using strcat_s instead. To disable deprecation, use _CRT_SECURE_NO_WARNINGS. See online help for details.
I:\PLP_ALL_レイアウト変更VFDL導出システム\PLP_ALL_レイアウト変更VFDL導出システム\PLP_ALL_レイアウト変更VFDL導出システム.c(457,3): warning C4996: 'strcat': This function or variable may be unsafe. Consider using strcat_s instead. To disable deprecation, use _CRT_SECURE_NO_WARNINGS. See online help for details.
I:\PLP_ALL_レイアウト変更VFDL導出システム\PLP_ALL_レイアウト変更VFDL導出システム\PLP_ALL_レイアウト変更VFDL導出システム.c(461,3): warning C4996: 'strcat': This function or variable may be unsafe. Consider using strcat_s instead. To disable deprecation, use _CRT_SECURE_NO_WARNINGS. See online help for details.
I:\PLP_ALL_レイアウト変更VFDL導出システム\PLP_ALL_レイアウト変更VFDL導出システム\PLP_ALL_レイアウト変更VFDL導出システム.c(462,3): warning C4996: 'strcat': This function or variable may be unsafe. Consider using strcat_s instead. To disable deprecation, use _CRT_SECURE_NO_WARNINGS. See online help for details.
I:\PLP_ALL_レイアウト変更VFDL導出システム\PLP_ALL_レイアウト変更VFDL導出システム\PLP_ALL_レイアウト変更VFDL導出システム.c(463,3): warning C4996: 'strcat': This function or variable may be unsafe. Consider using strcat_s instead. To disable deprecation, use _CRT_SECURE_NO_WARNINGS. See online help for details.
I:\PLP_ALL_レイアウト変更VFDL導出システム\PLP_ALL_レイアウト変更VFDL導出システム\PLP_ALL_レイアウト変更VFDL導出システム.c(467,3): warning C4996: 'strcat': This function or variable may be unsafe. Consider using strcat_s instead. To disable deprecation, use _CRT_SECURE_NO_WARNINGS. See online help for details.
I:\PLP_ALL_レイアウト変更VFDL導出システム\PLP_ALL_レイアウト変更VFDL導出システム\PLP_ALL_レイアウト変更VFDL導出システム.c(468,3): warning C4996: 'strcat': This function or variable may be unsafe. Consider using strcat_s instead. To disable deprecation, use _CRT_SECURE_NO_WARNINGS. See online help for details.
I:\PLP_ALL_レイアウト変更VFDL導出システム\PLP_ALL_レイアウト変更VFDL導出システム\PLP_ALL_レイアウト変更VFDL導出システム.c(469,3): warning C4996: 'strcat': This function or variable may be unsafe. Consider using strcat_s instead. To disable deprecation, use _CRT_SECURE_NO_WARNINGS. See online help for details.
I:\PLP_ALL_レイアウト変更VFDL導出システム\PLP_ALL_レイアウト変更VFDL導出システム\PLP_ALL_レイアウト変更VFDL導出システム.c(473,2): warning C4996: 'strcpy': This function or variable may be unsafe. Consider using strcpy_s instead. To disable deprecation, use _CRT_SECURE_NO_WARNINGS. See online help for details.
I:\PLP_ALL_レイアウト変更VFDL導出システム\PLP_ALL_レイアウト変更VFDL導出システム\PLP_ALL_レイアウト変更VFDL導出システム.c(474,2): warning C4996: 'strcat': This function or variable may be unsafe. Consider using strcat_s instead. To disable deprecation, use _CRT_SECURE_NO_WARNINGS. See online help for details.
I:\PLP_ALL_レイアウト変更VFDL導出システム\PLP_ALL_レイアウト変更VFDL導出システム\PLP_ALL_レイアウト変更VFDL導出システム.c(475,2): warning C4996: 'strcat': This function or variable may be unsafe. Consider using strcat_s instead. To disable deprecation, use _CRT_SECURE_NO_WARNINGS. See online help for details.
I:\PLP_ALL_レイアウト変更VFDL導出システム\PLP_ALL_レイアウト変更VFDL導出システム\PLP_ALL_レイアウト変更VFDL導出システム.c(476,2): warning C4996: 'strcat': This function or variable may be unsafe. Consider using strcat_s instead. To disable deprecation, use _CRT_SECURE_NO_WARNINGS. See online help for details.
I:\PLP_ALL_レイアウト変更VFDL導出システム\PLP_ALL_レイアウト変更VFDL導出システム\PLP_ALL_レイアウト変更VFDL導出システム.c(504,9): warning C4996: 'getch': The POSIX name for this item is deprecated. Instead, use the ISO C and C++ conformant name: _getch. See online help for details.
I:\PLP_ALL_レイアウト変更VFDL導出システム\PLP_ALL_レイアウト変更VFDL導出システム\PLP_ALL_レイアウト変更VFDL導出システム.c(530,8): warning C4996: 'fopen': This function or variable may be unsafe. Consider using fopen_s instead. To disable deprecation, use _CRT_SECURE_NO_WARNINGS. See online help for details.
I:\PLP_ALL_レイアウト変更VFDL導出システム\PLP_ALL_レイアウト変更VFDL導出システム\PLP_ALL_レイアウト変更VFDL導出システム.c(557,3): warning C4996: 'sprintf': This function or variable may be unsafe. Consider using sprintf_s instead. To disable deprecation, use _CRT_SECURE_NO_WARNINGS. See online help for details.
I:\PLP_ALL_レイアウト変更VFDL導出システム\PLP_ALL_レイアウト変更VFDL導出システム\PLP_ALL_レイアウト変更VFDL導出システム.c(566,9): warning C4996: 'fopen': This function or variable may be unsafe. Consider using fopen_s instead. To disable deprecation, use _CRT_SECURE_NO_WARNINGS. See online help for details.
I:\PLP_ALL_レイアウト変更VFDL導出システム\PLP_ALL_レイアウト変更VFDL導出システム\PLP_ALL_レイアウト変更VFDL導出システム.c(579,3): warning C4996: 'sscanf': This function or variable may be unsafe. Consider using sscanf_s instead. To disable deprecation, use _CRT_SECURE_NO_WARNINGS. See online help for details.
I:\PLP_ALL_レイアウト変更VFDL導出システム\PLP_ALL_レイアウト変更VFDL導出システム\PLP_ALL_レイアウト変更VFDL導出システム.c(587,3): warning C4996: 'sscanf': This function or variable may be unsafe. Consider using sscanf_s instead. To disable deprecation, use _CRT_SECURE_NO_WARNINGS. See online help for details.
I:\PLP_ALL_レイアウト変更VFDL導出システム\PLP_ALL_レイアウト変更VFDL導出システム\PLP_ALL_レイアウト変更VFDL導出システム.c(595,3): warning C4996: 'sscanf': This function or variable may be unsafe. Consider using sscanf_s instead. To disable deprecation, use _CRT_SECURE_NO_WARNINGS. See online help for details.
I:\PLP_ALL_レイアウト変更VFDL導出システム\PLP_ALL_レイアウト変更VFDL導出システム\PLP_ALL_レイアウト変更VFDL導出システム.c(603,3): warning C4996: 'sscanf': This function or variable may be unsafe. Consider using sscanf_s instead. To disable deprecation, use _CRT_SECURE_NO_WARNINGS. See online help for details.
I:\PLP_ALL_レイアウト変更VFDL導出システム\PLP_ALL_レイアウト変更VFDL導出システム\PLP_ALL_レイアウト変更VFDL導出システム.c(611,3): warning C4996: 'sscanf': This function or variable may be unsafe. Consider using sscanf_s instead. To disable deprecation, use _CRT_SECURE_NO_WARNINGS. See online help for details.
I:\PLP_ALL_レイアウト変更VFDL導出システム\PLP_ALL_レイアウト変更VFDL導出システム\PLP_ALL_レイアウト変更VFDL導出システム.c(619,3): warning C4996: 'sscanf': This function or variable may be unsafe. Consider using sscanf_s instead. To disable deprecation, use _CRT_SECURE_NO_WARNINGS. See online help for details.
I:\PLP_ALL_レイアウト変更VFDL導出システム\PLP_ALL_レイアウト変更VFDL導出システム\PLP_ALL_レイアウト変更VFDL導出システム.c(635,4): warning C4996: 'sscanf': This function or variable may be unsafe. Consider using sscanf_s instead. To disable deprecation, use _CRT_SECURE_NO_WARNINGS. See online help for details.
I:\PLP_ALL_レイアウト変更VFDL導出システム\PLP_ALL_レイアウト変更VFDL導出システム\PLP_ALL_レイアウト変更VFDL導出システム.c(641,5): warning C4996: 'sscanf': This function or variable may be unsafe. Consider using sscanf_s instead. To disable deprecation, use _CRT_SECURE_NO_WARNINGS. See online help for details.
I:\PLP_ALL_レイアウト変更VFDL導出システム\PLP_ALL_レイアウト変更VFDL導出システム\PLP_ALL_レイアウト変更VFDL導出システム.c(646,5): warning C4996: 'sscanf': This function or variable may be unsafe. Consider using sscanf_s instead. To disable deprecation, use _CRT_SECURE_NO_WARNINGS. See online help for details.
I:\PLP_ALL_レイアウト変更VFDL導出システム\PLP_ALL_レイアウト変更VFDL導出システム\PLP_ALL_レイアウト変更VFDL導出システム.c(651,5): warning C4996: 'sscanf': This function or variable may be unsafe. Consider using sscanf_s instead. To disable deprecation, use _CRT_SECURE_NO_WARNINGS. See online help for details.
I:\PLP_ALL_レイアウト変更VFDL導出システム\PLP_ALL_レイアウト変更VFDL導出システム\PLP_ALL_レイアウト変更VFDL導出システム.c(656,5): warning C4996: 'sscanf': This function or variable may be unsafe. Consider using sscanf_s instead. To disable deprecation, use _CRT_SECURE_NO_WARNINGS. See online help for details.
I:\PLP_ALL_レイアウト変更VFDL導出システム\PLP_ALL_レイアウト変更VFDL導出システム\PLP_ALL_レイアウト変更VFDL導出システム.c(669,4): warning C4996: 'sscanf': This function or variable may be unsafe. Consider using sscanf_s instead. To disable deprecation, use _CRT_SECURE_NO_WARNINGS. See online help for details.
I:\PLP_ALL_レイアウト変更VFDL導出システム\PLP_ALL_レイアウト変更VFDL導出システム\PLP_ALL_レイアウト変更VFDL導出システム.c(677,5): warning C4996: 'sscanf': This function or variable may be unsafe. Consider using sscanf_s instead. To disable deprecation, use _CRT_SECURE_NO_WARNINGS. See online help for details.
I:\PLP_ALL_レイアウト変更VFDL導出システム\PLP_ALL_レイアウト変更VFDL導出システム\PLP_ALL_レイアウト変更VFDL導出システム.c(684,5): warning C4996: 'sscanf': This function or variable may be unsafe. Consider using sscanf_s instead. To disable deprecation, use _CRT_SECURE_NO_WARNINGS. See online help for details.
I:\PLP_ALL_レイアウト変更VFDL導出システム\PLP_ALL_レイアウト変更VFDL導出システム\PLP_ALL_レイアウト変更VFDL導出システム.c(691,5): warning C4996: 'sscanf': This function or variable may be unsafe. Consider using sscanf_s instead. To disable deprecation, use _CRT_SECURE_NO_WARNINGS. See online help for details.
I:\PLP_ALL_レイアウト変更VFDL導出システム\PLP_ALL_レイアウト変更VFDL導出システム\PLP_ALL_レイアウト変更VFDL導出システム.c(696,6): warning C4996: 'sscanf': This function or variable may be unsafe. Consider using sscanf_s instead. To disable deprecation, use _CRT_SECURE_NO_WARNINGS. See online help for details.
I:\PLP_ALL_レイアウト変更VFDL導出システム\PLP_ALL_レイアウト変更VFDL導出システム\PLP_ALL_レイアウト変更VFDL導出システム.c(703,6): warning C4996: 'sscanf': This function or variable may be unsafe. Consider using sscanf_s instead. To disable deprecation, use _CRT_SECURE_NO_WARNINGS. See online help for details.
I:\PLP_ALL_レイアウト変更VFDL導出システム\PLP_ALL_レイアウト変更VFDL導出システム\PLP_ALL_レイアウト変更VFDL導出システム.c(710,6): warning C4996: 'sscanf': This function or variable may be unsafe. Consider using sscanf_s instead. To disable deprecation, use _CRT_SECURE_NO_WARNINGS. See online help for details.
I:\PLP_ALL_レイアウト変更VFDL導出システム\PLP_ALL_レイアウト変更VFDL導出システム\PLP_ALL_レイアウト変更VFDL導出システム.c(716,6): warning C4996: 'sscanf': This function or variable may be unsafe. Consider using sscanf_s instead. To disable deprecation, use _CRT_SECURE_NO_WARNINGS. See online help for details.
I:\PLP_ALL_レイアウト変更VFDL導出システム\PLP_ALL_レイアウト変更VFDL導出システム\PLP_ALL_レイアウト変更VFDL導出システム.c(723,6): warning C4996: 'sscanf': This function or variable may be unsafe. Consider using sscanf_s instead. To disable deprecation, use _CRT_SECURE_NO_WARNINGS. See online help for details.
I:\PLP_ALL_レイアウト変更VFDL導出システム\PLP_ALL_レイアウト変更VFDL導出システム\PLP_ALL_レイアウト変更VFDL導出システム.c(730,6): warning C4996: 'sscanf': This function or variable may be unsafe. Consider using sscanf_s instead. To disable deprecation, use _CRT_SECURE_NO_WARNINGS. See online help for details.
I:\PLP_ALL_レイアウト変更VFDL導出システム\PLP_ALL_レイアウト変更VFDL導出システム\PLP_ALL_レイアウト変更VFDL導出システム.c(737,6): warning C4996: 'sscanf': This function or variable may be unsafe. Consider using sscanf_s instead. To disable deprecation, use _CRT_SECURE_NO_WARNINGS. See online help for details.
I:\PLP_ALL_レイアウト変更VFDL導出システム\PLP_ALL_レイアウト変更VFDL導出システム\PLP_ALL_レイアウト変更VFDL導出システム.c(744,6): warning C4996: 'sscanf': This function or variable may be unsafe. Consider using sscanf_s instead. To disable deprecation, use _CRT_SECURE_NO_WARNINGS. See online help for details.
I:\PLP_ALL_レイアウト変更VFDL導出システム\PLP_ALL_レイアウト変更VFDL導出システム\PLP_ALL_レイアウト変更VFDL導出システム.c(751,6): warning C4996: 'sscanf': This function or variable may be unsafe. Consider using sscanf_s instead. To disable deprecation, use _CRT_SECURE_NO_WARNINGS. See online help for details.
I:\PLP_ALL_レイアウト変更VFDL導出システム\PLP_ALL_レイアウト変更VFDL導出システム\PLP_ALL_レイアウト変更VFDL導出システム.c(757,6): warning C4996: 'sscanf': This function or variable may be unsafe. Consider using sscanf_s instead. To disable deprecation, use _CRT_SECURE_NO_WARNINGS. See online help for details.
I:\PLP_ALL_レイアウト変更VFDL導出システム\PLP_ALL_レイアウト変更VFDL導出システム\PLP_ALL_レイアウト変更VFDL導出システム.c(760,6): warning C4996: 'sscanf': This function or variable may be unsafe. Consider using sscanf_s instead. To disable deprecation, use _CRT_SECURE_NO_WARNINGS. See online help for details.
I:\PLP_ALL_レイアウト変更VFDL導出システム\PLP_ALL_レイアウト変更VFDL導出システム\PLP_ALL_レイアウト変更VFDL導出システム.c(763,6): warning C4996: 'sscanf': This function or variable may be unsafe. Consider using sscanf_s instead. To disable deprecation, use _CRT_SECURE_NO_WARNINGS. See online help for details.
I:\PLP_ALL_レイアウト変更VFDL導出システム\PLP_ALL_レイアウト変更VFDL導出システム\PLP_ALL_レイアウト変更VFDL導出システム.c(770,6): warning C4996: 'sscanf': This function or variable may be unsafe. Consider using sscanf_s instead. To disable deprecation, use _CRT_SECURE_NO_WARNINGS. See online help for details.
I:\PLP_ALL_レイアウト変更VFDL導出システム\PLP_ALL_レイアウト変更VFDL導出システム\PLP_ALL_レイアウト変更VFDL導出システム.c(777,6): warning C4996: 'sscanf': This function or variable may be unsafe. Consider using sscanf_s instead. To disable deprecation, use _CRT_SECURE_NO_WARNINGS. See online help for details.
I:\PLP_ALL_レイアウト変更VFDL導出システム\PLP_ALL_レイアウト変更VFDL導出システム\PLP_ALL_レイアウト変更VFDL導出システム.c(786,6): warning C4996: 'sscanf': This function or variable may be unsafe. Consider using sscanf_s instead. To disable deprecation, use _CRT_SECURE_NO_WARNINGS. See online help for details.
I:\PLP_ALL_レイアウト変更VFDL導出システム\PLP_ALL_レイアウト変更VFDL導出システム\PLP_ALL_レイアウト変更VFDL導出システム.c(789,6): warning C4996: 'sscanf': This function or variable may be unsafe. Consider using sscanf_s instead. To disable deprecation, use _CRT_SECURE_NO_WARNINGS. See online help for details.
I:\PLP_ALL_レイアウト変更VFDL導出システム\PLP_ALL_レイアウト変更VFDL導出システム\PLP_ALL_レイアウト変更VFDL導出システム.c(792,6): warning C4996: 'sscanf': This function or variable may be unsafe. Consider using sscanf_s instead. To disable deprecation, use _CRT_SECURE_NO_WARNINGS. See online help for details.
I:\PLP_ALL_レイアウト変更VFDL導出システム\PLP_ALL_レイアウト変更VFDL導出システム\PLP_ALL_レイアウト変更VFDL導出システム.c(795,6): warning C4996: 'sscanf': This function or variable may be unsafe. Consider using sscanf_s instead. To disable deprecation, use _CRT_SECURE_NO_WARNINGS. See online help for details.
I:\PLP_ALL_レイアウト変更VFDL導出システム\PLP_ALL_レイアウト変更VFDL導出システム\PLP_ALL_レイアウト変更VFDL導出システム.c(798,6): warning C4996: 'sscanf': This function or variable may be unsafe. Consider using sscanf_s instead. To disable deprecation, use _CRT_SECURE_NO_WARNINGS. See online help for details.
I:\PLP_ALL_レイアウト変更VFDL導出システム\PLP_ALL_レイアウト変更VFDL導出システム\PLP_ALL_レイアウト変更VFDL導出システム.c(810,6): warning C4996: 'sscanf': This function or variable may be unsafe. Consider using sscanf_s instead. To disable deprecation, use _CRT_SECURE_NO_WARNINGS. See online help for details.
I:\PLP_ALL_レイアウト変更VFDL導出システム\PLP_ALL_レイアウト変更VFDL導出システム\PLP_ALL_レイアウト変更VFDL導出システム.c(813,6): warning C4996: 'sscanf': This function or variable may be unsafe. Consider using sscanf_s instead. To disable deprecation, use _CRT_SECURE_NO_WARNINGS. See online help for details.
I:\PLP_ALL_レイアウト変更VFDL導出システム\PLP_ALL_レイアウト変更VFDL導出システム\PLP_ALL_レイアウト変更VFDL導出システム.c(816,6): warning C4996: 'sscanf': This function or variable may be unsafe. Consider using sscanf_s instead. To disable deprecation, use _CRT_SECURE_NO_WARNINGS. See online help for details.
I:\PLP_ALL_レイアウト変更VFDL導出システム\PLP_ALL_レイアウト変更VFDL導出システム\PLP_ALL_レイアウト変更VFDL導出システム.c(819,6): warning C4996: 'sscanf': This function or variable may be unsafe. Consider using sscanf_s instead. To disable deprecation, use _CRT_SECURE_NO_WARNINGS. See online help for details.
I:\PLP_ALL_レイアウト変更VFDL導出システム\PLP_ALL_レイアウト変更VFDL導出システム\PLP_ALL_レイアウト変更VFDL導出システム.c(822,6): warning C4996: 'sscanf': This function or variable may be unsafe. Consider using sscanf_s instead. To disable deprecation, use _CRT_SECURE_NO_WARNINGS. See online help for details.
I:\PLP_ALL_レイアウト変更VFDL導出システム\PLP_ALL_レイアウト変更VFDL導出システム\PLP_ALL_レイアウト変更VFDL導出システム.c(825,6): warning C4996: 'sscanf': This function or variable may be unsafe. Consider using sscanf_s instead. To disable deprecation, use _CRT_SECURE_NO_WARNINGS. See online help for details.
I:\PLP_ALL_レイアウト変更VFDL導出システム\PLP_ALL_レイアウト変更VFDL導出システム\PLP_ALL_レイアウト変更VFDL導出システム.c(828,6): warning C4996: 'sscanf': This function or variable may be unsafe. Consider using sscanf_s instead. To disable deprecation, use _CRT_SECURE_NO_WARNINGS. See online help for details.
I:\PLP_ALL_レイアウト変更VFDL導出システム\PLP_ALL_レイアウト変更VFDL導出システム\PLP_ALL_レイアウト変更VFDL導出システム.c(840,6): warning C4996: 'sscanf': This function or variable may be unsafe. Consider using sscanf_s instead. To disable deprecation, use _CRT_SECURE_NO_WARNINGS. See online help for details.
I:\PLP_ALL_レイアウト変更VFDL導出システム\PLP_ALL_レイアウト変更VFDL導出システム\PLP_ALL_レイアウト変更VFDL導出システム.c(843,6): warning C4996: 'sscanf': This function or variable may be unsafe. Consider using sscanf_s instead. To disable deprecation, use _CRT_SECURE_NO_WARNINGS. See online help for details.
I:\PLP_ALL_レイアウト変更VFDL導出システム\PLP_ALL_レイアウト変更VFDL導出システム\PLP_ALL_レイアウト変更VFDL導出システム.c(846,6): warning C4996: 'sscanf': This function or variable may be unsafe. Consider using sscanf_s instead. To disable deprecation, use _CRT_SECURE_NO_WARNINGS. See online help for details.
I:\PLP_ALL_レイアウト変更VFDL導出システム\PLP_ALL_レイアウト変更VFDL導出システム\PLP_ALL_レイアウト変更VFDL導出システム.c(849,6): warning C4996: 'sscanf': This function or variable may be unsafe. Consider using sscanf_s instead. To disable deprecation, use _CRT_SECURE_NO_WARNINGS. See online help for details.
I:\PLP_ALL_レイアウト変更VFDL導出システム\PLP_ALL_レイアウト変更VFDL導出システム\PLP_ALL_レイアウト変更VFDL導出システム.c(852,6): warning C4996: 'sscanf': This function or variable may be unsafe. Consider using sscanf_s instead. To disable deprecation, use _CRT_SECURE_NO_WARNINGS. See online help for details.
I:\PLP_ALL_レイアウト変更VFDL導出システム\PLP_ALL_レイアウト変更VFDL導出システム\PLP_ALL_レイアウト変更VFDL導出システム.c(864,6): warning C4996: 'sscanf': This function or variable may be unsafe. Consider using sscanf_s instead. To disable deprecation, use _CRT_SECURE_NO_WARNINGS. See online help for details.
I:\PLP_ALL_レイアウト変更VFDL導出システム\PLP_ALL_レイアウト変更VFDL導出システム\PLP_ALL_レイアウト変更VFDL導出システム.c(867,6): warning C4996: 'sscanf': This function or variable may be unsafe. Consider using sscanf_s instead. To disable deprecation, use _CRT_SECURE_NO_WARNINGS. See online help for details.
I:\PLP_ALL_レイアウト変更VFDL導出システム\PLP_ALL_レイアウト変更VFDL導出システム\PLP_ALL_レイアウト変更VFDL導出システム.c(870,6): warning C4996: 'sscanf': This function or variable may be unsafe. Consider using sscanf_s instead. To disable deprecation, use _CRT_SECURE_NO_WARNINGS. See online help for details.
I:\PLP_ALL_レイアウト変更VFDL導出システム\PLP_ALL_レイアウト変更VFDL導出システム\PLP_ALL_レイアウト変更VFDL導出システム.c(873,6): warning C4996: 'sscanf': This function or variable may be unsafe. Consider using sscanf_s instead. To disable deprecation, use _CRT_SECURE_NO_WARNINGS. See online help for details.
I:\PLP_ALL_レイアウト変更VFDL導出システム\PLP_ALL_レイアウト変更VFDL導出システム\PLP_ALL_レイアウト変更VFDL導出システム.c(876,6): warning C4996: 'sscanf': This function or variable may be unsafe. Consider using sscanf_s instead. To disable deprecation, use _CRT_SECURE_NO_WARNINGS. See online help for details.
I:\PLP_ALL_レイアウト変更VFDL導出システム\PLP_ALL_レイアウト変更VFDL導出システム\PLP_ALL_レイアウト変更VFDL導出システム.c(879,6): warning C4996: 'sscanf': This function or variable may be unsafe. Consider using sscanf_s instead. To disable deprecation, use _CRT_SECURE_NO_WARNINGS. See online help for details.
I:\PLP_ALL_レイアウト変更VFDL導出システム\PLP_ALL_レイアウト変更VFDL導出システム\PLP_ALL_レイアウト変更VFDL導出システム.c(882,6): warning C4996: 'sscanf': This function or variable may be unsafe. Consider using sscanf_s instead. To disable deprecation, use _CRT_SECURE_NO_WARNINGS. See online help for details.
I:\PLP_ALL_レイアウト変更VFDL導出システム\PLP_ALL_レイアウト変更VFDL導出システム\PLP_ALL_レイアウト変更VFDL導出システム.c(898,6): warning C4996: 'sscanf': This function or variable may be unsafe. Consider using sscanf_s instead. To disable deprecation, use _CRT_SECURE_NO_WARNINGS. See online help for details.
I:\PLP_ALL_レイアウト変更VFDL導出システム\PLP_ALL_レイアウト変更VFDL導出システム\PLP_ALL_レイアウト変更VFDL導出システム.c(901,6): warning C4996: 'sscanf': This function or variable may be unsafe. Consider using sscanf_s instead. To disable deprecation, use _CRT_SECURE_NO_WARNINGS. See online help for details.
I:\PLP_ALL_レイアウト変更VFDL導出システム\PLP_ALL_レイアウト変更VFDL導出システム\PLP_ALL_レイアウト変更VFDL導出システム.c(904,6): warning C4996: 'sscanf': This function or variable may be unsafe. Consider using sscanf_s instead. To disable deprecation, use _CRT_SECURE_NO_WARNINGS. See online help for details.
I:\PLP_ALL_レイアウト変更VFDL導出システム\PLP_ALL_レイアウト変更VFDL導出システム\PLP_ALL_レイアウト変更VFDL導出システム.c(907,6): warning C4996: 'sscanf': This function or variable may be unsafe. Consider using sscanf_s instead. To disable deprecation, use _CRT_SECURE_NO_WARNINGS. See online help for details.
I:\PLP_ALL_レイアウト変更VFDL導出システム\PLP_ALL_レイアウト変更VFDL導出システム\PLP_ALL_レイアウト変更VFDL導出システム.c(910,6): warning C4996: 'sscanf': This function or variable may be unsafe. Consider using sscanf_s instead. To disable deprecation, use _CRT_SECURE_NO_WARNINGS. See online help for details.
I:\PLP_ALL_レイアウト変更VFDL導出システム\PLP_ALL_レイアウト変更VFDL導出システム\PLP_ALL_レイアウト変更VFDL導出システム.c(925,6): warning C4996: 'sscanf': This function or variable may be unsafe. Consider using sscanf_s instead. To disable deprecation, use _CRT_SECURE_NO_WARNINGS. See online help for details.
I:\PLP_ALL_レイアウト変更VFDL導出システム\PLP_ALL_レイアウト変更VFDL導出システム\PLP_ALL_レイアウト変更VFDL導出システム.c(928,6): warning C4996: 'sscanf': This function or variable may be unsafe. Consider using sscanf_s instead. To disable deprecation, use _CRT_SECURE_NO_WARNINGS. See online help for details.
I:\PLP_ALL_レイアウト変更VFDL導出システム\PLP_ALL_レイアウト変更VFDL導出システム\PLP_ALL_レイアウト変更VFDL導出システム.c(931,6): warning C4996: 'sscanf': This function or variable may be unsafe. Consider using sscanf_s instead. To disable deprecation, use _CRT_SECURE_NO_WARNINGS. See online help for details.
I:\PLP_ALL_レイアウト変更VFDL導出システム\PLP_ALL_レイアウト変更VFDL導出システム\PLP_ALL_レイアウト変更VFDL導出システム.c(934,6): warning C4996: 'sscanf': This function or variable may be unsafe. Consider using sscanf_s instead. To disable deprecation, use _CRT_SECURE_NO_WARNINGS. See online help for details.
I:\PLP_ALL_レイアウト変更VFDL導出システム\PLP_ALL_レイアウト変更VFDL導出システム\PLP_ALL_レイアウト変更VFDL導出システム.c(937,6): warning C4996: 'sscanf': This function or variable may be unsafe. Consider using sscanf_s instead. To disable deprecation, use _CRT_SECURE_NO_WARNINGS. See online help for details.
I:\PLP_ALL_レイアウト変更VFDL導出システム\PLP_ALL_レイアウト変更VFDL導出システム\PLP_ALL_レイアウト変更VFDL導出システム.c(943,6): warning C4996: 'sscanf': This function or variable may be unsafe. Consider using sscanf_s instead. To disable deprecation, use _CRT_SECURE_NO_WARNINGS. See online help for details.
I:\PLP_ALL_レイアウト変更VFDL導出システム\PLP_ALL_レイアウト変更VFDL導出システム\PLP_ALL_レイアウト変更VFDL導出システム.c(946,6): warning C4996: 'sscanf': This function or variable may be unsafe. Consider using sscanf_s instead. To disable deprecation, use _CRT_SECURE_NO_WARNINGS. See online help for details.
I:\PLP_ALL_レイアウト変更VFDL導出システム\PLP_ALL_レイアウト変更VFDL導出システム\PLP_ALL_レイアウト変更VFDL導出システム.c(949,6): warning C4996: 'sscanf': This function or variable may be unsafe. Consider using sscanf_s instead. To disable deprecation, use _CRT_SECURE_NO_WARNINGS. See online help for details.
I:\PLP_ALL_レイアウト変更VFDL導出システム\PLP_ALL_レイアウト変更VFDL導出システム\PLP_ALL_レイアウト変更VFDL導出システム.c(956,6): warning C4996: 'sscanf': This function or variable may be unsafe. Consider using sscanf_s instead. To disable deprecation, use _CRT_SECURE_NO_WARNINGS. See online help for details.
I:\PLP_ALL_レイアウト変更VFDL導出システム\PLP_ALL_レイアウト変更VFDL導出システム\PLP_ALL_レイアウト変更VFDL導出システム.c(962,7): warning C4996: 'sscanf': This function or variable may be unsafe. Consider using sscanf_s instead. To disable deprecation, use _CRT_SECURE_NO_WARNINGS. See online help for details.
I:\PLP_ALL_レイアウト変更VFDL導出システム\PLP_ALL_レイアウト変更VFDL導出システム\PLP_ALL_レイアウト変更VFDL導出システム.c(965,7): warning C4996: 'sscanf': This function or variable may be unsafe. Consider using sscanf_s instead. To disable deprecation, use _CRT_SECURE_NO_WARNINGS. See online help for details.
I:\PLP_ALL_レイアウト変更VFDL導出システム\PLP_ALL_レイアウト変更VFDL導出システム\PLP_ALL_レイアウト変更VFDL導出システム.c(968,7): warning C4996: 'sscanf': This function or variable may be unsafe. Consider using sscanf_s instead. To disable deprecation, use _CRT_SECURE_NO_WARNINGS. See online help for details.
I:\PLP_ALL_レイアウト変更VFDL導出システム\PLP_ALL_レイアウト変更VFDL導出システム\PLP_ALL_レイアウト変更VFDL導出システム.c(971,7): warning C4996: 'sscanf': This function or variable may be unsafe. Consider using sscanf_s instead. To disable deprecation, use _CRT_SECURE_NO_WARNINGS. See online help for details.
I:\PLP_ALL_レイアウト変更VFDL導出システム\PLP_ALL_レイアウト変更VFDL導出システム\PLP_ALL_レイアウト変更VFDL導出システム.c(974,7): warning C4996: 'sscanf': This function or variable may be unsafe. Consider using sscanf_s instead. To disable deprecation, use _CRT_SECURE_NO_WARNINGS. See online help for details.
I:\PLP_ALL_レイアウト変更VFDL導出システム\PLP_ALL_レイアウト変更VFDL導出システム\PLP_ALL_レイアウト変更VFDL導出システム.c(977,7): warning C4996: 'sscanf': This function or variable may be unsafe. Consider using sscanf_s instead. To disable deprecation, use _CRT_SECURE_NO_WARNINGS. See online help for details.
I:\PLP_ALL_レイアウト変更VFDL導出システム\PLP_ALL_レイアウト変更VFDL導出システム\PLP_ALL_レイアウト変更VFDL導出システム.c(980,7): warning C4996: 'sscanf': This function or variable may be unsafe. Consider using sscanf_s instead. To disable deprecation, use _CRT_SECURE_NO_WARNINGS. See online help for details.
I:\PLP_ALL_レイアウト変更VFDL導出システム\PLP_ALL_レイアウト変更VFDL導出システム\PLP_ALL_レイアウト変更VFDL導出システム.c(983,7): warning C4996: 'sscanf': This function or variable may be unsafe. Consider using sscanf_s instead. To disable deprecation, use _CRT_SECURE_NO_WARNINGS. See online help for details.
I:\PLP_ALL_レイアウト変更VFDL導出システム\PLP_ALL_レイアウト変更VFDL導出システム\PLP_ALL_レイアウト変更VFDL導出システム.c(986,7): warning C4996: 'sscanf': This function or variable may be unsafe. Consider using sscanf_s instead. To disable deprecation, use _CRT_SECURE_NO_WARNINGS. See online help for details.
I:\PLP_ALL_レイアウト変更VFDL導出システム\PLP_ALL_レイアウト変更VFDL導出システム\PLP_ALL_レイアウト変更VFDL導出システム.c(989,7): warning C4996: 'sscanf': This function or variable may be unsafe. Consider using sscanf_s instead. To disable deprecation, use _CRT_SECURE_NO_WARNINGS. See online help for details.
I:\PLP_ALL_レイアウト変更VFDL導出システム\PLP_ALL_レイアウト変更VFDL導出システム\PLP_ALL_レイアウト変更VFDL導出システム.c(992,7): warning C4996: 'sscanf': This function or variable may be unsafe. Consider using sscanf_s instead. To disable deprecation, use _CRT_SECURE_NO_WARNINGS. See online help for details.
I:\PLP_ALL_レイアウト変更VFDL導出システム\PLP_ALL_レイアウト変更VFDL導出システム\PLP_ALL_レイアウト変更VFDL導出システム.c(995,7): warning C4996: 'sscanf': This function or variable may be unsafe. Consider using sscanf_s instead. To disable deprecation, use _CRT_SECURE_NO_WARNINGS. See online help for details.
I:\PLP_ALL_レイアウト変更VFDL導出システム\PLP_ALL_レイアウト変更VFDL導出システム\PLP_ALL_レイアウト変更VFDL導出システム.c(998,7): warning C4996: 'sscanf': This function or variable may be unsafe. Consider using sscanf_s instead. To disable deprecation, use _CRT_SECURE_NO_WARNINGS. See online help for details.
I:\PLP_ALL_レイアウト変更VFDL導出システム\PLP_ALL_レイアウト変更VFDL導出システム\PLP_ALL_レイアウト変更VFDL導出システム.c(1001,7): warning C4996: 'sscanf': This function or variable may be unsafe. Consider using sscanf_s instead. To disable deprecation, use _CRT_SECURE_NO_WARNINGS. See online help for details.
I:\PLP_ALL_レイアウト変更VFDL導出システム\PLP_ALL_レイアウト変更VFDL導出システム\PLP_ALL_レイアウト変更VFDL導出システム.c(1004,7): warning C4996: 'sscanf': This function or variable may be unsafe. Consider using sscanf_s instead. To disable deprecation, use _CRT_SECURE_NO_WARNINGS. See online help for details.
I:\PLP_ALL_レイアウト変更VFDL導出システム\PLP_ALL_レイアウト変更VFDL導出システム\PLP_ALL_レイアウト変更VFDL導出システム.c(1007,7): warning C4996: 'sscanf': This function or variable may be unsafe. Consider using sscanf_s instead. To disable deprecation, use _CRT_SECURE_NO_WARNINGS. See online help for details.
I:\PLP_ALL_レイアウト変更VFDL導出システム\PLP_ALL_レイアウト変更VFDL導出システム\PLP_ALL_レイアウト変更VFDL導出システム.c(1010,7): warning C4996: 'sscanf': This function or variable may be unsafe. Consider using sscanf_s instead. To disable deprecation, use _CRT_SECURE_NO_WARNINGS. See online help for details.
I:\PLP_ALL_レイアウト変更VFDL導出システム\PLP_ALL_レイアウト変更VFDL導出システム\PLP_ALL_レイアウト変更VFDL導出システム.c(1015,7): warning C4996: 'sscanf': This function or variable may be unsafe. Consider using sscanf_s instead. To disable deprecation, use _CRT_SECURE_NO_WARNINGS. See online help for details.
I:\PLP_ALL_レイアウト変更VFDL導出システム\PLP_ALL_レイアウト変更VFDL導出システム\PLP_ALL_レイアウト変更VFDL導出システム.c(1018,7): warning C4996: 'sscanf': This function or variable may be unsafe. Consider using sscanf_s instead. To disable deprecation, use _CRT_SECURE_NO_WARNINGS. See online help for details.
I:\PLP_ALL_レイアウト変更VFDL導出システム\PLP_ALL_レイアウト変更VFDL導出システム\PLP_ALL_レイアウト変更VFDL導出システム.c(1021,7): warning C4996: 'sscanf': This function or variable may be unsafe. Consider using sscanf_s instead. To disable deprecation, use _CRT_SECURE_NO_WARNINGS. See online help for details.
I:\PLP_ALL_レイアウト変更VFDL導出システム\PLP_ALL_レイアウト変更VFDL導出システム\PLP_ALL_レイアウト変更VFDL導出システム.c(1024,7): warning C4996: 'sscanf': This function or variable may be unsafe. Consider using sscanf_s instead. To disable deprecation, use _CRT_SECURE_NO_WARNINGS. See online help for details.
I:\PLP_ALL_レイアウト変更VFDL導出システム\PLP_ALL_レイアウト変更VFDL導出システム\PLP_ALL_レイアウト変更VFDL導出システム.c(1027,7): warning C4996: 'sscanf': This function or variable may be unsafe. Consider using sscanf_s instead. To disable deprecation, use _CRT_SECURE_NO_WARNINGS. See online help for details.
I:\PLP_ALL_レイアウト変更VFDL導出システム\PLP_ALL_レイアウト変更VFDL導出システム\PLP_ALL_レイアウト変更VFDL導出システム.c(1030,7): warning C4996: 'sscanf': This function or variable may be unsafe. Consider using sscanf_s instead. To disable deprecation, use _CRT_SECURE_NO_WARNINGS. See online help for details.
I:\PLP_ALL_レイアウト変更VFDL導出システム\PLP_ALL_レイアウト変更VFDL導出システム\PLP_ALL_レイアウト変更VFDL導出システム.c(1033,7): warning C4996: 'sscanf': This function or variable may be unsafe. Consider using sscanf_s instead. To disable deprecation, use _CRT_SECURE_NO_WARNINGS. See online help for details.
I:\PLP_ALL_レイアウト変更VFDL導出システム\PLP_ALL_レイアウト変更VFDL導出システム\PLP_ALL_レイアウト変更VFDL導出システム.c(1036,7): warning C4996: 'sscanf': This function or variable may be unsafe. Consider using sscanf_s instead. To disable deprecation, use _CRT_SECURE_NO_WARNINGS. See online help for details.
I:\PLP_ALL_レイアウト変更VFDL導出システム\PLP_ALL_レイアウト変更VFDL導出システム\PLP_ALL_レイアウト変更VFDL導出システム.c(1043,8): warning C4996: 'sscanf': This function or variable may be unsafe. Consider using sscanf_s instead. To disable deprecation, use _CRT_SECURE_NO_WARNINGS. See online help for details.
I:\PLP_ALL_レイアウト変更VFDL導出システム\PLP_ALL_レイアウト変更VFDL導出システム\PLP_ALL_レイアウト変更VFDL導出システム.c(1047,7): warning C4996: 'sscanf': This function or variable may be unsafe. Consider using sscanf_s instead. To disable deprecation, use _CRT_SECURE_NO_WARNINGS. See online help for details.
I:\PLP_ALL_レイアウト変更VFDL導出システム\PLP_ALL_レイアウト変更VFDL導出システム\PLP_ALL_レイアウト変更VFDL導出システム.c(1050,7): warning C4996: 'sscanf': This function or variable may be unsafe. Consider using sscanf_s instead. To disable deprecation, use _CRT_SECURE_NO_WARNINGS. See online help for details.
I:\PLP_ALL_レイアウト変更VFDL導出システム\PLP_ALL_レイアウト変更VFDL導出システム\PLP_ALL_レイアウト変更VFDL導出システム.c(1053,7): warning C4996: 'sscanf': This function or variable may be unsafe. Consider using sscanf_s instead. To disable deprecation, use _CRT_SECURE_NO_WARNINGS. See online help for details.
I:\PLP_ALL_レイアウト変更VFDL導出システム\PLP_ALL_レイアウト変更VFDL導出システム\PLP_ALL_レイアウト変更VFDL導出システム.c(1056,7): warning C4996: 'sscanf': This function or variable may be unsafe. Consider using sscanf_s instead. To disable deprecation, use _CRT_SECURE_NO_WARNINGS. See online help for details.
I:\PLP_ALL_レイアウト変更VFDL導出システム\PLP_ALL_レイアウト変更VFDL導出システム\PLP_ALL_レイアウト変更VFDL導出システム.c(1059,7): warning C4996: 'sscanf': This function or variable may be unsafe. Consider using sscanf_s instead. To disable deprecation, use _CRT_SECURE_NO_WARNINGS. See online help for details.
I:\PLP_ALL_レイアウト変更VFDL導出システム\PLP_ALL_レイアウト変更VFDL導出システム\PLP_ALL_レイアウト変更VFDL導出システム.c(1066,6): warning C4996: 'sscanf': This function or variable may be unsafe. Consider using sscanf_s instead. To disable deprecation, use _CRT_SECURE_NO_WARNINGS. See online help for details.
I:\PLP_ALL_レイアウト変更VFDL導出システム\PLP_ALL_レイアウト変更VFDL導出システム\PLP_ALL_レイアウト変更VFDL導出システム.c(1073,6): warning C4996: 'sscanf': This function or variable may be unsafe. Consider using sscanf_s instead. To disable deprecation, use _CRT_SECURE_NO_WARNINGS. See online help for details.
I:\PLP_ALL_レイアウト変更VFDL導出システム\PLP_ALL_レイアウト変更VFDL導出システム\PLP_ALL_レイアウト変更VFDL導出システム.c(1079,6): warning C4996: 'sscanf': This function or variable may be unsafe. Consider using sscanf_s instead. To disable deprecation, use _CRT_SECURE_NO_WARNINGS. See online help for details.
I:\PLP_ALL_レイアウト変更VFDL導出システム\PLP_ALL_レイアウト変更VFDL導出システム\PLP_ALL_レイアウト変更VFDL導出システム.c(1082,6): warning C4996: 'sscanf': This function or variable may be unsafe. Consider using sscanf_s instead. To disable deprecation, use _CRT_SECURE_NO_WARNINGS. See online help for details.
I:\PLP_ALL_レイアウト変更VFDL導出システム\PLP_ALL_レイアウト変更VFDL導出システム\PLP_ALL_レイアウト変更VFDL導出システム.c(1085,6): warning C4996: 'sscanf': This function or variable may be unsafe. Consider using sscanf_s instead. To disable deprecation, use _CRT_SECURE_NO_WARNINGS. See online help for details.
I:\PLP_ALL_レイアウト変更VFDL導出システム\PLP_ALL_レイアウト変更VFDL導出システム\PLP_ALL_レイアウト変更VFDL導出システム.c(1091,6): warning C4996: 'sscanf': This function or variable may be unsafe. Consider using sscanf_s instead. To disable deprecation, use _CRT_SECURE_NO_WARNINGS. See online help for details.
I:\PLP_ALL_レイアウト変更VFDL導出システム\PLP_ALL_レイアウト変更VFDL導出システム\PLP_ALL_レイアウト変更VFDL導出システム.c(1094,6): warning C4996: 'sscanf': This function or variable may be unsafe. Consider using sscanf_s instead. To disable deprecation, use _CRT_SECURE_NO_WARNINGS. See online help for details.
I:\PLP_ALL_レイアウト変更VFDL導出システム\PLP_ALL_レイアウト変更VFDL導出システム\PLP_ALL_レイアウト変更VFDL導出システム.c(1097,6): warning C4996: 'sscanf': This function or variable may be unsafe. Consider using sscanf_s instead. To disable deprecation, use _CRT_SECURE_NO_WARNINGS. See online help for details.
I:\PLP_ALL_レイアウト変更VFDL導出システム\PLP_ALL_レイアウト変更VFDL導出システム\PLP_ALL_レイアウト変更VFDL導出システム.c(1100,6): warning C4996: 'sscanf': This function or variable may be unsafe. Consider using sscanf_s instead. To disable deprecation, use _CRT_SECURE_NO_WARNINGS. See online help for details.
I:\PLP_ALL_レイアウト変更VFDL導出システム\PLP_ALL_レイアウト変更VFDL導出システム\PLP_ALL_レイアウト変更VFDL導出システム.c(1103,6): warning C4996: 'sscanf': This function or variable may be unsafe. Consider using sscanf_s instead. To disable deprecation, use _CRT_SECURE_NO_WARNINGS. See online help for details.
I:\PLP_ALL_レイアウト変更VFDL導出システム\PLP_ALL_レイアウト変更VFDL導出システム\PLP_ALL_レイアウト変更VFDL導出システム.c(1109,6): warning C4996: 'sscanf': This function or variable may be unsafe. Consider using sscanf_s instead. To disable deprecation, use _CRT_SECURE_NO_WARNINGS. See online help for details.
I:\PLP_ALL_レイアウト変更VFDL導出システム\PLP_ALL_レイアウト変更VFDL導出システム\PLP_ALL_レイアウト変更VFDL導出システム.c(1112,6): warning C4996: 'sscanf': This function or variable may be unsafe. Consider using sscanf_s instead. To disable deprecation, use _CRT_SECURE_NO_WARNINGS. See online help for details.
I:\PLP_ALL_レイアウト変更VFDL導出システム\PLP_ALL_レイアウト変更VFDL導出システム\PLP_ALL_レイアウト変更VFDL導出システム.c(1115,6): warning C4996: 'sscanf': This function or variable may be unsafe. Consider using sscanf_s instead. To disable deprecation, use _CRT_SECURE_NO_WARNINGS. See online help for details.
I:\PLP_ALL_レイアウト変更VFDL導出システム\PLP_ALL_レイアウト変更VFDL導出システム\PLP_ALL_レイアウト変更VFDL導出システム.c(1118,6): warning C4996: 'sscanf': This function or variable may be unsafe. Consider using sscanf_s instead. To disable deprecation, use _CRT_SECURE_NO_WARNINGS. See online help for details.
I:\PLP_ALL_レイアウト変更VFDL導出システム\PLP_ALL_レイアウト変更VFDL導出システム\PLP_ALL_レイアウト変更VFDL導出システム.c(1121,6): warning C4996: 'sscanf': This function or variable may be unsafe. Consider using sscanf_s instead. To disable deprecation, use _CRT_SECURE_NO_WARNINGS. See online help for details.
I:\PLP_ALL_レイアウト変更VFDL導出システム\PLP_ALL_レイアウト変更VFDL導出システム\PLP_ALL_レイアウト変更VFDL導出システム.c(1124,6): warning C4996: 'sscanf': This function or variable may be unsafe. Consider using sscanf_s instead. To disable deprecation, use _CRT_SECURE_NO_WARNINGS. See online help for details.
I:\PLP_ALL_レイアウト変更VFDL導出システム\PLP_ALL_レイアウト変更VFDL導出システム\PLP_ALL_レイアウト変更VFDL導出システム.c(1127,6): warning C4996: 'sscanf': This function or variable may be unsafe. Consider using sscanf_s instead. To disable deprecation, use _CRT_SECURE_NO_WARNINGS. See online help for details.
I:\PLP_ALL_レイアウト変更VFDL導出システム\PLP_ALL_レイアウト変更VFDL導出システム\PLP_ALL_レイアウト変更VFDL導出システム.c(1130,6): warning C4996: 'sscanf': This function or variable may be unsafe. Consider using sscanf_s instead. To disable deprecation, use _CRT_SECURE_NO_WARNINGS. See online help for details.
I:\PLP_ALL_レイアウト変更VFDL導出システム\PLP_ALL_レイアウト変更VFDL導出システム\PLP_ALL_レイアウト変更VFDL導出システム.c(1133,6): warning C4996: 'sscanf': This function or variable may be unsafe. Consider using sscanf_s instead. To disable deprecation, use _CRT_SECURE_NO_WARNINGS. See online help for details.
I:\PLP_ALL_レイアウト変更VFDL導出システム\PLP_ALL_レイアウト変更VFDL導出システム\PLP_ALL_レイアウト変更VFDL導出システム.c(1136,6): warning C4996: 'sscanf': This function or variable may be unsafe. Consider using sscanf_s instead. To disable deprecation, use _CRT_SECURE_NO_WARNINGS. See online help for details.
I:\PLP_ALL_レイアウト変更VFDL導出システム\PLP_ALL_レイアウト変更VFDL導出システム\PLP_ALL_レイアウト変更VFDL導出システム.c(1139,6): warning C4996: 'sscanf': This function or variable may be unsafe. Consider using sscanf_s instead. To disable deprecation, use _CRT_SECURE_NO_WARNINGS. See online help for details.
I:\PLP_ALL_レイアウト変更VFDL導出システム\PLP_ALL_レイアウト変更VFDL導出システム\PLP_ALL_レイアウト変更VFDL導出システム.c(1142,6): warning C4996: 'sscanf': This function or variable may be unsafe. Consider using sscanf_s instead. To disable deprecation, use _CRT_SECURE_NO_WARNINGS. See online help for details.
I:\PLP_ALL_レイアウト変更VFDL導出システム\PLP_ALL_レイアウト変更VFDL導出システム\PLP_ALL_レイアウト変更VFDL導出システム.c(1145,6): warning C4996: 'sscanf': This function or variable may be unsafe. Consider using sscanf_s instead. To disable deprecation, use _CRT_SECURE_NO_WARNINGS. See online help for details.
I:\PLP_ALL_レイアウト変更VFDL導出システム\PLP_ALL_レイアウト変更VFDL導出システム\PLP_ALL_レイアウト変更VFDL導出システム.c(1148,6): warning C4996: 'sscanf': This function or variable may be unsafe. Consider using sscanf_s instead. To disable deprecation, use _CRT_SECURE_NO_WARNINGS. See online help for details.
I:\PLP_ALL_レイアウト変更VFDL導出システム\PLP_ALL_レイアウト変更VFDL導出システム\PLP_ALL_レイアウト変更VFDL導出システム.c(1151,6): warning C4996: 'sscanf': This function or variable may be unsafe. Consider using sscanf_s instead. To disable deprecation, use _CRT_SECURE_NO_WARNINGS. See online help for details.
I:\PLP_ALL_レイアウト変更VFDL導出システム\PLP_ALL_レイアウト変更VFDL導出システム\PLP_ALL_レイアウト変更VFDL導出システム.c(1159,7): warning C4996: 'sscanf': This function or variable may be unsafe. Consider using sscanf_s instead. To disable deprecation, use _CRT_SECURE_NO_WARNINGS. See online help for details.
I:\PLP_ALL_レイアウト変更VFDL導出システム\PLP_ALL_レイアウト変更VFDL導出システム\PLP_ALL_レイアウト変更VFDL導出システム.c(1168,8): warning C4996: 'sscanf': This function or variable may be unsafe. Consider using sscanf_s instead. To disable deprecation, use _CRT_SECURE_NO_WARNINGS. See online help for details.
I:\PLP_ALL_レイアウト変更VFDL導出システム\PLP_ALL_レイアウト変更VFDL導出システム\PLP_ALL_レイアウト変更VFDL導出システム.c(1178,6): warning C4996: 'sscanf': This function or variable may be unsafe. Consider using sscanf_s instead. To disable deprecation, use _CRT_SECURE_NO_WARNINGS. See online help for details.
I:\PLP_ALL_レイアウト変更VFDL導出システム\PLP_ALL_レイアウト変更VFDL導出システム\PLP_ALL_レイアウト変更VFDL導出システム.c(1185,6): warning C4996: 'sscanf': This function or variable may be unsafe. Consider using sscanf_s instead. To disable deprecation, use _CRT_SECURE_NO_WARNINGS. See online help for details.
I:\PLP_ALL_レイアウト変更VFDL導出システム\PLP_ALL_レイアウト変更VFDL導出システム\PLP_ALL_レイアウト変更VFDL導出システム.c(1191,6): warning C4996: 'sscanf': This function or variable may be unsafe. Consider using sscanf_s instead. To disable deprecation, use _CRT_SECURE_NO_WARNINGS. See online help for details.
I:\PLP_ALL_レイアウト変更VFDL導出システム\PLP_ALL_レイアウト変更VFDL導出システム\PLP_ALL_レイアウト変更VFDL導出システム.c(1194,6): warning C4996: 'sscanf': This function or variable may be unsafe. Consider using sscanf_s instead. To disable deprecation, use _CRT_SECURE_NO_WARNINGS. See online help for details.
I:\PLP_ALL_レイアウト変更VFDL導出システム\PLP_ALL_レイアウト変更VFDL導出システム\PLP_ALL_レイアウト変更VFDL導出システム.c(1197,6): warning C4996: 'sscanf': This function or variable may be unsafe. Consider using sscanf_s instead. To disable deprecation, use _CRT_SECURE_NO_WARNINGS. See online help for details.
I:\PLP_ALL_レイアウト変更VFDL導出システム\PLP_ALL_レイアウト変更VFDL導出システム\PLP_ALL_レイアウト変更VFDL導出システム.c(1200,6): warning C4996: 'sscanf': This function or variable may be unsafe. Consider using sscanf_s instead. To disable deprecation, use _CRT_SECURE_NO_WARNINGS. See online help for details.
I:\PLP_ALL_レイアウト変更VFDL導出システム\PLP_ALL_レイアウト変更VFDL導出システム\PLP_ALL_レイアウト変更VFDL導出システム.c(1203,6): warning C4996: 'sscanf': This function or variable may be unsafe. Consider using sscanf_s instead. To disable deprecation, use _CRT_SECURE_NO_WARNINGS. See online help for details.
I:\PLP_ALL_レイアウト変更VFDL導出システム\PLP_ALL_レイアウト変更VFDL導出システム\PLP_ALL_レイアウト変更VFDL導出システム.c(1206,6): warning C4996: 'sscanf': This function or variable may be unsafe. Consider using sscanf_s instead. To disable deprecation, use _CRT_SECURE_NO_WARNINGS. See online help for details.
I:\PLP_ALL_レイアウト変更VFDL導出システム\PLP_ALL_レイアウト変更VFDL導出システム\PLP_ALL_レイアウト変更VFDL導出システム.c(1209,6): warning C4996: 'sscanf': This function or variable may be unsafe. Consider using sscanf_s instead. To disable deprecation, use _CRT_SECURE_NO_WARNINGS. See online help for details.
I:\PLP_ALL_レイアウト変更VFDL導出システム\PLP_ALL_レイアウト変更VFDL導出システム\PLP_ALL_レイアウト変更VFDL導出システム.c(1212,6): warning C4996: 'sscanf': This function or variable may be unsafe. Consider using sscanf_s instead. To disable deprecation, use _CRT_SECURE_NO_WARNINGS. See online help for details.
I:\PLP_ALL_レイアウト変更VFDL導出システム\PLP_ALL_レイアウト変更VFDL導出システム\PLP_ALL_レイアウト変更VFDL導出システム.c(1215,6): warning C4996: 'sscanf': This function or variable may be unsafe. Consider using sscanf_s instead. To disable deprecation, use _CRT_SECURE_NO_WARNINGS. See online help for details.
I:\PLP_ALL_レイアウト変更VFDL導出システム\PLP_ALL_レイアウト変更VFDL導出システム\PLP_ALL_レイアウト変更VFDL導出システム.c(1218,6): warning C4996: 'sscanf': This function or variable may be unsafe. Consider using sscanf_s instead. To disable deprecation, use _CRT_SECURE_NO_WARNINGS. See online help for details.
I:\PLP_ALL_レイアウト変更VFDL導出システム\PLP_ALL_レイアウト変更VFDL導出システム\PLP_ALL_レイアウト変更VFDL導出システム.c(1225,6): warning C4996: 'sscanf': This function or variable may be unsafe. Consider using sscanf_s instead. To disable deprecation, use _CRT_SECURE_NO_WARNINGS. See online help for details.
I:\PLP_ALL_レイアウト変更VFDL導出システム\PLP_ALL_レイアウト変更VFDL導出システム\PLP_ALL_レイアウト変更VFDL導出システム.c(1232,6): warning C4996: 'sscanf': This function or variable may be unsafe. Consider using sscanf_s instead. To disable deprecation, use _CRT_SECURE_NO_WARNINGS. See online help for details.
I:\PLP_ALL_レイアウト変更VFDL導出システム\PLP_ALL_レイアウト変更VFDL導出システム\PLP_ALL_レイアウト変更VFDL導出システム.c(1239,6): warning C4996: 'sscanf': This function or variable may be unsafe. Consider using sscanf_s instead. To disable deprecation, use _CRT_SECURE_NO_WARNINGS. See online help for details.
I:\PLP_ALL_レイアウト変更VFDL導出システム\PLP_ALL_レイアウト変更VFDL導出システム\PLP_ALL_レイアウト変更VFDL導出システム.c(1242,6): warning C4996: 'sscanf': This function or variable may be unsafe. Consider using sscanf_s instead. To disable deprecation, use _CRT_SECURE_NO_WARNINGS. See online help for details.
I:\PLP_ALL_レイアウト変更VFDL導出システム\PLP_ALL_レイアウト変更VFDL導出システム\PLP_ALL_レイアウト変更VFDL導出システム.c(1245,6): warning C4996: 'sscanf': This function or variable may be unsafe. Consider using sscanf_s instead. To disable deprecation, use _CRT_SECURE_NO_WARNINGS. See online help for details.
I:\PLP_ALL_レイアウト変更VFDL導出システム\PLP_ALL_レイアウト変更VFDL導出システム\PLP_ALL_レイアウト変更VFDL導出システム.c(1252,6): warning C4996: 'sscanf': This function or variable may be unsafe. Consider using sscanf_s instead. To disable deprecation, use _CRT_SECURE_NO_WARNINGS. See online help for details.
I:\PLP_ALL_レイアウト変更VFDL導出システム\PLP_ALL_レイアウト変更VFDL導出システム\PLP_ALL_レイアウト変更VFDL導出システム.c(1262,6): warning C4996: 'sscanf': This function or variable may be unsafe. Consider using sscanf_s instead. To disable deprecation, use _CRT_SECURE_NO_WARNINGS. See online help for details.
I:\PLP_ALL_レイアウト変更VFDL導出システム\PLP_ALL_レイアウト変更VFDL導出システム\PLP_ALL_レイアウト変更VFDL導出システム.c(1269,6): warning C4996: 'sscanf': This function or variable may be unsafe. Consider using sscanf_s instead. To disable deprecation, use _CRT_SECURE_NO_WARNINGS. See online help for details.
I:\PLP_ALL_レイアウト変更VFDL導出システム\PLP_ALL_レイアウト変更VFDL導出システム\PLP_ALL_レイアウト変更VFDL導出システム.c(1276,6): warning C4996: 'sscanf': This function or variable may be unsafe. Consider using sscanf_s instead. To disable deprecation, use _CRT_SECURE_NO_WARNINGS. See online help for details.
I:\PLP_ALL_レイアウト変更VFDL導出システム\PLP_ALL_レイアウト変更VFDL導出システム\PLP_ALL_レイアウト変更VFDL導出システム.c(1282,6): warning C4996: 'sscanf': This function or variable may be unsafe. Consider using sscanf_s instead. To disable deprecation, use _CRT_SECURE_NO_WARNINGS. See online help for details.
I:\PLP_ALL_レイアウト変更VFDL導出システム\PLP_ALL_レイアウト変更VFDL導出システム\PLP_ALL_レイアウト変更VFDL導出システム.c(1289,6): warning C4996: 'sscanf': This function or variable may be unsafe. Consider using sscanf_s instead. To disable deprecation, use _CRT_SECURE_NO_WARNINGS. See online help for details.
I:\PLP_ALL_レイアウト変更VFDL導出システム\PLP_ALL_レイアウト変更VFDL導出システム\PLP_ALL_レイアウト変更VFDL導出システム.c(1300,6): warning C4996: 'sscanf': This function or variable may be unsafe. Consider using sscanf_s instead. To disable deprecation, use _CRT_SECURE_NO_WARNINGS. See online help for details.
I:\PLP_ALL_レイアウト変更VFDL導出システム\PLP_ALL_レイアウト変更VFDL導出システム\PLP_ALL_レイアウト変更VFDL導出システム.c(1307,6): warning C4996: 'sscanf': This function or variable may be unsafe. Consider using sscanf_s instead. To disable deprecation, use _CRT_SECURE_NO_WARNINGS. See online help for details.
I:\PLP_ALL_レイアウト変更VFDL導出システム\PLP_ALL_レイアウト変更VFDL導出システム\PLP_ALL_レイアウト変更VFDL導出システム.c(1310,6): warning C4996: 'sscanf': This function or variable may be unsafe. Consider using sscanf_s instead. To disable deprecation, use _CRT_SECURE_NO_WARNINGS. See online help for details.
I:\PLP_ALL_レイアウト変更VFDL導出システム\PLP_ALL_レイアウト変更VFDL導出システム\PLP_ALL_レイアウト変更VFDL導出システム.c(1313,6): warning C4996: 'sscanf': This function or variable may be unsafe. Consider using sscanf_s instead. To disable deprecation, use _CRT_SECURE_NO_WARNINGS. See online help for details.
I:\PLP_ALL_レイアウト変更VFDL導出システム\PLP_ALL_レイアウト変更VFDL導出システム\PLP_ALL_レイアウト変更VFDL導出システム.c(1316,6): warning C4996: 'sscanf': This function or variable may be unsafe. Consider using sscanf_s instead. To disable deprecation, use _CRT_SECURE_NO_WARNINGS. See online help for details.
I:\PLP_ALL_レイアウト変更VFDL導出システム\PLP_ALL_レイアウト変更VFDL導出システム\PLP_ALL_レイアウト変更VFDL導出システム.c(1323,6): warning C4996: 'sscanf': This function or variable may be unsafe. Consider using sscanf_s instead. To disable deprecation, use _CRT_SECURE_NO_WARNINGS. See online help for details.
I:\PLP_ALL_レイアウト変更VFDL導出システム\PLP_ALL_レイアウト変更VFDL導出システム\PLP_ALL_レイアウト変更VFDL導出システム.c(1331,6): warning C4996: 'sscanf': This function or variable may be unsafe. Consider using sscanf_s instead. To disable deprecation, use _CRT_SECURE_NO_WARNINGS. See online help for details.
I:\PLP_ALL_レイアウト変更VFDL導出システム\PLP_ALL_レイアウト変更VFDL導出システム\PLP_ALL_レイアウト変更VFDL導出システム.c(1334,6): warning C4996: 'sscanf': This function or variable may be unsafe. Consider using sscanf_s instead. To disable deprecation, use _CRT_SECURE_NO_WARNINGS. See online help for details.
I:\PLP_ALL_レイアウト変更VFDL導出システム\PLP_ALL_レイアウト変更VFDL導出システム\PLP_ALL_レイアウト変更VFDL導出システム.c(1337,6): warning C4996: 'sscanf': This function or variable may be unsafe. Consider using sscanf_s instead. To disable deprecation, use _CRT_SECURE_NO_WARNINGS. See online help for details.
I:\PLP_ALL_レイアウト変更VFDL導出システム\PLP_ALL_レイアウト変更VFDL導出システム\PLP_ALL_レイアウト変更VFDL導出システム.c(1344,6): warning C4996: 'sscanf': This function or variable may be unsafe. Consider using sscanf_s instead. To disable deprecation, use _CRT_SECURE_NO_WARNINGS. See online help for details.
I:\PLP_ALL_レイアウト変更VFDL導出システム\PLP_ALL_レイアウト変更VFDL導出システム\PLP_ALL_レイアウト変更VFDL導出システム.c(1350,6): warning C4996: 'sscanf': This function or variable may be unsafe. Consider using sscanf_s instead. To disable deprecation, use _CRT_SECURE_NO_WARNINGS. See online help for details.
I:\PLP_ALL_レイアウト変更VFDL導出システム\PLP_ALL_レイアウト変更VFDL導出システム\PLP_ALL_レイアウト変更VFDL導出システム.c(1353,6): warning C4996: 'sscanf': This function or variable may be unsafe. Consider using sscanf_s instead. To disable deprecation, use _CRT_SECURE_NO_WARNINGS. See online help for details.
I:\PLP_ALL_レイアウト変更VFDL導出システム\PLP_ALL_レイアウト変更VFDL導出システム\PLP_ALL_レイアウト変更VFDL導出システム.c(1356,6): warning C4996: 'sscanf': This function or variable may be unsafe. Consider using sscanf_s instead. To disable deprecation, use _CRT_SECURE_NO_WARNINGS. See online help for details.
I:\PLP_ALL_レイアウト変更VFDL導出システム\PLP_ALL_レイアウト変更VFDL導出システム\PLP_ALL_レイアウト変更VFDL導出システム.c(1370,5): warning C4996: 'sscanf': This function or variable may be unsafe. Consider using sscanf_s instead. To disable deprecation, use _CRT_SECURE_NO_WARNINGS. See online help for details.
I:\PLP_ALL_レイアウト変更VFDL導出システム\PLP_ALL_レイアウト変更VFDL導出システム\PLP_ALL_レイアウト変更VFDL導出システム.c(1373,5): warning C4996: 'sscanf': This function or variable may be unsafe. Consider using sscanf_s instead. To disable deprecation, use _CRT_SECURE_NO_WARNINGS. See online help for details.
I:\PLP_ALL_レイアウト変更VFDL導出システム\PLP_ALL_レイアウト変更VFDL導出システム\PLP_ALL_レイアウト変更VFDL導出システム.c(1376,5): warning C4996: 'sscanf': This function or variable may be unsafe. Consider using sscanf_s instead. To disable deprecation, use _CRT_SECURE_NO_WARNINGS. See online help for details.
I:\PLP_ALL_レイアウト変更VFDL導出システム\PLP_ALL_レイアウト変更VFDL導出システム\PLP_ALL_レイアウト変更VFDL導出システム.c(1379,5): warning C4996: 'sscanf': This function or variable may be unsafe. Consider using sscanf_s instead. To disable deprecation, use _CRT_SECURE_NO_WARNINGS. See online help for details.
I:\PLP_ALL_レイアウト変更VFDL導出システム\PLP_ALL_レイアウト変更VFDL導出システム\PLP_ALL_レイアウト変更VFDL導出システム.c(1382,5): warning C4996: 'sscanf': This function or variable may be unsafe. Consider using sscanf_s instead. To disable deprecation, use _CRT_SECURE_NO_WARNINGS. See online help for details.
I:\PLP_ALL_レイアウト変更VFDL導出システム\PLP_ALL_レイアウト変更VFDL導出システム\PLP_ALL_レイアウト変更VFDL導出システム.c(1442,8): warning C4996: 'fopen': This function or variable may be unsafe. Consider using fopen_s instead. To disable deprecation, use _CRT_SECURE_NO_WARNINGS. See online help for details.
I:\PLP_ALL_レイアウト変更VFDL導出システム\PLP_ALL_レイアウト変更VFDL導出システム\PLP_ALL_レイアウト変更VFDL導出システム.c(1453,2): warning C4996: 'sscanf': This function or variable may be unsafe. Consider using sscanf_s instead. To disable deprecation, use _CRT_SECURE_NO_WARNINGS. See online help for details.
I:\PLP_ALL_レイアウト変更VFDL導出システム\PLP_ALL_レイアウト変更VFDL導出システム\PLP_ALL_レイアウト変更VFDL導出システム.c(1462,3): warning C4996: 'sscanf': This function or variable may be unsafe. Consider using sscanf_s instead. To disable deprecation, use _CRT_SECURE_NO_WARNINGS. See online help for details.
I:\PLP_ALL_レイアウト変更VFDL導出システム\PLP_ALL_レイアウト変更VFDL導出システム\PLP_ALL_レイアウト変更VFDL導出システム.c(1496,8): warning C4996: 'fopen': This function or variable may be unsafe. Consider using fopen_s instead. To disable deprecation, use _CRT_SECURE_NO_WARNINGS. See online help for details.
I:\PLP_ALL_レイアウト変更VFDL導出システム\PLP_ALL_レイアウト変更VFDL導出システム\PLP_ALL_レイアウト変更VFDL導出システム.c(1505,2): warning C4996: 'sscanf': This function or variable may be unsafe. Consider using sscanf_s instead. To disable deprecation, use _CRT_SECURE_NO_WARNINGS. See online help for details.
I:\PLP_ALL_レイアウト変更VFDL導出システム\PLP_ALL_レイアウト変更VFDL導出システム\PLP_ALL_レイアウト変更VFDL導出システム.c(1517,3): warning C4996: 'sscanf': This function or variable may be unsafe. Consider using sscanf_s instead. To disable deprecation, use _CRT_SECURE_NO_WARNINGS. See online help for details.
I:\PLP_ALL_レイアウト変更VFDL導出システム\PLP_ALL_レイアウト変更VFDL導出システム\PLP_ALL_レイアウト変更VFDL導出システム.c(4042,2): warning C4996: 'strcpy': This function or variable may be unsafe. Consider using strcpy_s instead. To disable deprecation, use _CRT_SECURE_NO_WARNINGS. See online help for details.
I:\PLP_ALL_レイアウト変更VFDL導出システム\PLP_ALL_レイアウト変更VFDL導出システム\PLP_ALL_レイアウト変更VFDL導出システム.c(4043,2): warning C4996: 'strcat': This function or variable may be unsafe. Consider using strcat_s instead. To disable deprecation, use _CRT_SECURE_NO_WARNINGS. See online help for details.
I:\PLP_ALL_レイアウト変更VFDL導出システム\PLP_ALL_レイアウト変更VFDL導出システム\PLP_ALL_レイアウト変更VFDL導出システム.c(4044,2): warning C4996: 'strcat': This function or variable may be unsafe. Consider using strcat_s instead. To disable deprecation, use _CRT_SECURE_NO_WARNINGS. See online help for details.
I:\PLP_ALL_レイアウト変更VFDL導出システム\PLP_ALL_レイアウト変更VFDL導出システム\PLP_ALL_レイアウト変更VFDL導出システム.c(4050,12): warning C4996: 'fopen': This function or variable may be unsafe. Consider using fopen_s instead. To disable deprecation, use _CRT_SECURE_NO_WARNINGS. See online help for details.
I:\PLP_ALL_レイアウト変更VFDL導出システム\PLP_ALL_レイアウト変更VFDL導出システム\PLP_ALL_レイアウト変更VFDL導出システム.c(4615,14): warning C4013: 関数 'time' は定義されていません。int 型の値を返す外部関数と見なします。
I:\PLP_ALL_レイアウト変更VFDL導出システム\PLP_ALL_レイアウト変更VFDL導出システム\PLP_ALL_レイアウト変更VFDL導出システム.c(4616,18): warning C4013: 関数 'localtime' は定義されていません。int 型の値を返す外部関数と見なします。
I:\PLP_ALL_レイアウト変更VFDL導出システム\PLP_ALL_レイアウト変更VFDL導出システム\PLP_ALL_レイアウト変更VFDL導出システム.c(4616,26): warning C4047: '=': 間接参照のレベルが 'tm *' と 'int' で異なっています。
I:\PLP_ALL_レイアウト変更VFDL導出システム\PLP_ALL_レイアウト変更VFDL導出システム\PLP_ALL_レイアウト変更VFDL導出システム.c(4619,10): warning C4013: 関数 'strftime' は定義されていません。int 型の値を返す外部関数と見なします。
I:\PLP_ALL_レイアウト変更VFDL導出システム\PLP_ALL_レイアウト変更VFDL導出システム\PLP_ALL_レイアウト変更VFDL導出システム.c(4636,9): warning C4996: 'getch': The POSIX name for this item is deprecated. Instead, use the ISO C and C++ conformant name: _getch. See online help for details.
I:\PLP_ALL_レイアウト変更VFDL導出システム\PLP_ALL_レイアウト変更VFDL導出システム\PLP_ALL_レイアウト変更VFDL導出システム.c(4655,2): warning C4996: 'sprintf': This function or variable may be unsafe. Consider using sprintf_s instead. To disable deprecation, use _CRT_SECURE_NO_WARNINGS. See online help for details.
I:\PLP_ALL_レイアウト変更VFDL導出システム\PLP_ALL_レイアウト変更VFDL導出システム\PLP_ALL_レイアウト変更VFDL導出システム.c(4656): warning C4172: ローカル変数またはテンポラリのアドレスを返します: buf
  PLP_ALL_レイアウト変更VFDL導出システム.vcxproj -> I:\PLP_ALL_レイアウト変更VFDL導出システム\Debug\PLP_ALL_レイアウト変更VFDL導出システム.exe
